<?xml version="1.0" encoding="UTF-8"?>
<robot generator="Robot 3.1.2 (Python 3.6.8 on linux)" generated="20190724 13:22:33.868" rpa="false">
<suite id="s1" name="00 Valid Registration &amp; 04 New Game &amp; 05 Edit Game &amp; 07 Zoom Frontpage &amp; 08 Drawing Tools Map Movement">
<suite id="s1-s1" name="00 Valid Registration" source="/home/l4074/overflow/ehasa-frontend/tests/00_valid_registration.robot">
<kw name="Open Browser To Login Page" library="resource" type="setup">
<kw name="Open Browser" library="SeleniumLibrary">
<doc>Opens a new browser instance to the given ``url``.</doc>
<arguments>
<arg>${LOGIN URL}</arg>
<arg>${BROWSER}</arg>
</arguments>
<msg timestamp="20190724 13:22:34.010" level="INFO">Opening browser 'ff' to base url 'https://tacs-testing.cf/'.</msg>
<status status="PASS" starttime="20190724 13:22:34.009" endtime="20190724 13:22:36.563"></status>
</kw>
<kw name="Set Window Size" library="SeleniumLibrary">
<doc>Sets current windows size to given ``width`` and ``height``.</doc>
<arguments>
<arg>1920</arg>
<arg>1080</arg>
</arguments>
<status status="PASS" starttime="20190724 13:22:36.564" endtime="20190724 13:22:36.590"></status>
</kw>
<kw name="Set Selenium Speed" library="SeleniumLibrary">
<doc>Sets the delay that is waited after each Selenium command.</doc>
<arguments>
<arg>${DELAY}</arg>
</arguments>
<status status="PASS" starttime="20190724 13:22:36.591" endtime="20190724 13:22:36.591"></status>
</kw>
<kw name="Login Page Should be Open" library="resource">
<kw name="Title Should Be" library="SeleniumLibrary">
<doc>Verifies that current page title equals ``title``.</doc>
<arguments>
<arg>TACS</arg>
</arguments>
<msg timestamp="20190724 13:22:37.120" level="INFO">Page title is 'TACS'.</msg>
<status status="PASS" starttime="20190724 13:22:36.591" endtime="20190724 13:22:37.120"></status>
</kw>
<status status="PASS" starttime="20190724 13:22:36.591" endtime="20190724 13:22:37.121"></status>
</kw>
<status status="PASS" starttime="20190724 13:22:34.009" endtime="20190724 13:22:37.121"></status>
</kw>
<test id="s1-s1-t1" name="Registration Process">
<kw name="Open Registration" library="resource">
<kw name="Click Button" library="SeleniumLibrary">
<doc>Clicks button identified by ``locator``.</doc>
<arguments>
<arg>id=loginRegisterButton</arg>
</arguments>
<msg timestamp="20190724 13:22:37.125" level="INFO">Clicking button 'id=loginRegisterButton'.</msg>
<status status="PASS" starttime="20190724 13:22:37.125" endtime="20190724 13:22:39.926"></status>
</kw>
<status status="PASS" starttime="20190724 13:22:37.124" endtime="20190724 13:22:39.926"></status>
</kw>
<kw name="Generate Valid Username" library="resource">
<kw name="Generate Random String" library="String">
<doc>Generates a string with a desired ``length`` from the given ``chars``.</doc>
<arguments>
<arg>12</arg>
<arg>[LETTERS][NUMBERS]</arg>
</arguments>
<assign>
<var>${GENE_username}</var>
</assign>
<msg timestamp="20190724 13:22:39.929" level="INFO">${GENE_username} = DnV5QTmYovLB</msg>
<status status="PASS" starttime="20190724 13:22:39.928" endtime="20190724 13:22:39.929"></status>
</kw>
<kw name="Set Global Variable" library="BuiltIn">
<doc>Makes a variable available globally in all tests and suites.</doc>
<arguments>
<arg>${VALID USER}</arg>
<arg>${GENE_username}</arg>
</arguments>
<msg timestamp="20190724 13:22:39.932" level="INFO">${VALID USER} = DnV5QTmYovLB</msg>
<status status="PASS" starttime="20190724 13:22:39.929" endtime="20190724 13:22:39.932"></status>
</kw>
<status status="PASS" starttime="20190724 13:22:39.927" endtime="20190724 13:22:39.932"></status>
</kw>
<kw name="Input Valid Username" library="resource">
<kw name="Input Text" library="SeleniumLibrary">
<doc>Types the given ``text`` into text field identified by ``locator``.</doc>
<arguments>
<arg>${LOC_USER}</arg>
<arg>${VALID USER}</arg>
</arguments>
<msg timestamp="20190724 13:22:39.933" level="INFO">Typing text 'DnV5QTmYovLB' into text field 'id=registerUsernameInput'.</msg>
<status status="PASS" starttime="20190724 13:22:39.933" endtime="20190724 13:22:41.511"></status>
</kw>
<status status="PASS" starttime="20190724 13:22:39.932" endtime="20190724 13:22:41.511"></status>
</kw>
<kw name="Input Valid Password" library="resource">
<kw name="Input Text" library="SeleniumLibrary">
<doc>Types the given ``text`` into text field identified by ``locator``.</doc>
<arguments>
<arg>${LOC_PASSWORD}</arg>
<arg>${VALID PASSWORD}</arg>
</arguments>
<msg timestamp="20190724 13:22:41.513" level="INFO">Typing text 'koira' into text field 'id=registerPasswordInput'.</msg>
<status status="PASS" starttime="20190724 13:22:41.513" endtime="20190724 13:22:43.064"></status>
</kw>
<kw name="Input Text" library="SeleniumLibrary">
<doc>Types the given ``text`` into text field identified by ``locator``.</doc>
<arguments>
<arg>${LOC_PASSWORD2}</arg>
<arg>${VALID PASSWORD}</arg>
</arguments>
<msg timestamp="20190724 13:22:43.065" level="INFO">Typing text 'koira' into text field 'id=registerPasswordVerifyInput'.</msg>
<status status="PASS" starttime="20190724 13:22:43.065" endtime="20190724 13:22:44.643"></status>
</kw>
<status status="PASS" starttime="20190724 13:22:41.512" endtime="20190724 13:22:44.643"></status>
</kw>
<kw name="Submit Credentials Registration" library="resource">
<kw name="Click Button" library="SeleniumLibrary">
<doc>Clicks button identified by ``locator``.</doc>
<arguments>
<arg>id=submitRegisterButton</arg>
</arguments>
<msg timestamp="20190724 13:22:44.645" level="INFO">Clicking button 'id=submitRegisterButton'.</msg>
<status status="PASS" starttime="20190724 13:22:44.644" endtime="20190724 13:22:47.427"></status>
</kw>
<status status="PASS" starttime="20190724 13:22:44.644" endtime="20190724 13:22:47.427"></status>
</kw>
<kw name="Log Out" library="resource">
<kw name="Click Button" library="SeleniumLibrary">
<doc>Clicks button identified by ``locator``.</doc>
<arguments>
<arg>id=signOutButton</arg>
</arguments>
<msg timestamp="20190724 13:22:47.429" level="INFO">Clicking button 'id=signOutButton'.</msg>
<status status="PASS" starttime="20190724 13:22:47.428" endtime="20190724 13:22:50.228"></status>
</kw>
<status status="PASS" starttime="20190724 13:22:47.428" endtime="20190724 13:22:50.228"></status>
</kw>
<status status="PASS" starttime="20190724 13:22:37.121" endtime="20190724 13:22:50.228" critical="yes"></status>
</test>
<kw name="Close Browser" library="SeleniumLibrary" type="teardown">
<doc>Closes the current browser.</doc>
<status status="PASS" starttime="20190724 13:22:50.232" endtime="20190724 13:22:51.513"></status>
</kw>
<doc>A test suite for valid registration.</doc>
<status status="PASS" starttime="20190724 13:22:33.884" endtime="20190724 13:22:51.513"></status>
</suite>
<suite id="s1-s2" name="04 New Game" source="/home/l4074/overflow/ehasa-frontend/tests/04_new_game.robot">
<kw name="Open Browser To Login Page" library="resource" type="setup">
<kw name="Open Browser" library="SeleniumLibrary">
<doc>Opens a new browser instance to the given ``url``.</doc>
<arguments>
<arg>${LOGIN URL}</arg>
<arg>${BROWSER}</arg>
</arguments>
<msg timestamp="20190724 13:22:51.544" level="INFO">Opening browser 'ff' to base url 'https://tacs-testing.cf/'.</msg>
<status status="PASS" starttime="20190724 13:22:51.544" endtime="20190724 13:22:54.607"></status>
</kw>
<kw name="Set Window Size" library="SeleniumLibrary">
<doc>Sets current windows size to given ``width`` and ``height``.</doc>
<arguments>
<arg>1920</arg>
<arg>1080</arg>
</arguments>
<status status="PASS" starttime="20190724 13:22:54.608" endtime="20190724 13:22:55.137"></status>
</kw>
<kw name="Set Selenium Speed" library="SeleniumLibrary">
<doc>Sets the delay that is waited after each Selenium command.</doc>
<arguments>
<arg>${DELAY}</arg>
</arguments>
<status status="PASS" starttime="20190724 13:22:55.137" endtime="20190724 13:22:55.138"></status>
</kw>
<kw name="Login Page Should be Open" library="resource">
<kw name="Title Should Be" library="SeleniumLibrary">
<doc>Verifies that current page title equals ``title``.</doc>
<arguments>
<arg>TACS</arg>
</arguments>
<msg timestamp="20190724 13:22:55.648" level="INFO">Page title is 'TACS'.</msg>
<status status="PASS" starttime="20190724 13:22:55.140" endtime="20190724 13:22:55.648"></status>
</kw>
<status status="PASS" starttime="20190724 13:22:55.139" endtime="20190724 13:22:55.649"></status>
</kw>
<status status="PASS" starttime="20190724 13:22:51.543" endtime="20190724 13:22:55.649"></status>
</kw>
<test id="s1-s2-t1" name="Create A New Game">
<kw name="Valid Login">
<kw name="Input Username" library="resource">
<arguments>
<arg>${VALID USER}</arg>
</arguments>
<kw name="Input Text" library="SeleniumLibrary">
<doc>Types the given ``text`` into text field identified by ``locator``.</doc>
<arguments>
<arg>id=loginUsernameInput</arg>
<arg>${username}</arg>
</arguments>
<msg timestamp="20190724 13:22:55.653" level="INFO">Typing text 'DnV5QTmYovLB' into text field 'id=loginUsernameInput'.</msg>
<status status="PASS" starttime="20190724 13:22:55.653" endtime="20190724 13:22:57.238"></status>
</kw>
<status status="PASS" starttime="20190724 13:22:55.652" endtime="20190724 13:22:57.239"></status>
</kw>
<kw name="Input Password" library="resource">
<arguments>
<arg>${VALID PASSWORD}</arg>
</arguments>
<kw name="Input Text" library="SeleniumLibrary">
<doc>Types the given ``text`` into text field identified by ``locator``.</doc>
<arguments>
<arg>id=loginPasswordInput</arg>
<arg>${password}</arg>
</arguments>
<msg timestamp="20190724 13:22:57.241" level="INFO">Typing text 'koira' into text field 'id=loginPasswordInput'.</msg>
<status status="PASS" starttime="20190724 13:22:57.240" endtime="20190724 13:22:58.800"></status>
</kw>
<status status="PASS" starttime="20190724 13:22:57.239" endtime="20190724 13:22:58.801"></status>
</kw>
<kw name="Submit Credentials Login" library="resource">
<kw name="Click Button" library="SeleniumLibrary">
<doc>Clicks button identified by ``locator``.</doc>
<arguments>
<arg>id=submitLoginButton</arg>
</arguments>
<msg timestamp="20190724 13:22:58.803" level="INFO">Clicking button 'id=submitLoginButton'.</msg>
<status status="PASS" starttime="20190724 13:22:58.802" endtime="20190724 13:23:01.576"></status>
</kw>
<status status="PASS" starttime="20190724 13:22:58.801" endtime="20190724 13:23:01.576"></status>
</kw>
<status status="PASS" starttime="20190724 13:22:55.651" endtime="20190724 13:23:01.577"></status>
</kw>
<kw name="Create Game" library="resource">
<kw name="Wait Until Page Contains Element" library="SeleniumLibrary">
<doc>Waits until element ``locator`` appears on current page.</doc>
<arguments>
<arg>id=newGameButton</arg>
<arg>1</arg>
</arguments>
<status status="PASS" starttime="20190724 13:23:01.578" endtime="20190724 13:23:02.097"></status>
</kw>
<kw name="Generate Valid Gamename" library="resource">
<kw name="Generate Random String" library="String">
<doc>Generates a string with a desired ``length`` from the given ``chars``.</doc>
<arguments>
<arg>6</arg>
<arg>[LETTERS][NUMBERS]</arg>
</arguments>
<assign>
<var>${g_name}</var>
</assign>
<msg timestamp="20190724 13:23:02.099" level="INFO">${g_name} = LmkVuP</msg>
<status status="PASS" starttime="20190724 13:23:02.098" endtime="20190724 13:23:02.099"></status>
</kw>
<kw name="Format String" library="String">
<doc>Formats a ``template`` using the given ``positional`` and ``named`` arguments.</doc>
<arguments>
<arg>test_{}</arg>
<arg>${g_name}</arg>
</arguments>
<assign>
<var>${x}</var>
</assign>
<msg timestamp="20190724 13:23:02.100" level="INFO">${x} = test_LmkVuP</msg>
<status status="PASS" starttime="20190724 13:23:02.100" endtime="20190724 13:23:02.101"></status>
</kw>
<kw name="Set Global Variable" library="BuiltIn">
<doc>Makes a variable available globally in all tests and suites.</doc>
<arguments>
<arg>${VALID_GAME}</arg>
<arg>${x}</arg>
</arguments>
<msg timestamp="20190724 13:23:02.103" level="INFO">${VALID_GAME} = test_LmkVuP</msg>
<status status="PASS" starttime="20190724 13:23:02.101" endtime="20190724 13:23:02.103"></status>
</kw>
<status status="PASS" starttime="20190724 13:23:02.097" endtime="20190724 13:23:02.103"></status>
</kw>
<kw name="Click Button" library="SeleniumLibrary">
<doc>Clicks button identified by ``locator``.</doc>
<arguments>
<arg>${B_NEWGAME}</arg>
</arguments>
<msg timestamp="20190724 13:23:02.104" level="INFO">Clicking button 'id=newGameButton'.</msg>
<status status="PASS" starttime="20190724 13:23:02.104" endtime="20190724 13:23:04.987"></status>
</kw>
<kw name="Input Text" library="SeleniumLibrary">
<doc>Types the given ``text`` into text field identified by ``locator``.</doc>
<arguments>
<arg>${I_NGAMENAME}</arg>
<arg>${VALID_GAME}</arg>
</arguments>
<msg timestamp="20190724 13:23:04.988" level="INFO">Typing text 'test_LmkVuP' into text field 'id=newGameNameInput'.</msg>
<status status="PASS" starttime="20190724 13:23:04.988" endtime="20190724 13:23:06.588"></status>
</kw>
<kw name="Log" library="resource">
<arguments>
<arg>GameName set</arg>
</arguments>
<kw name="Log To Console" library="BuiltIn">
<doc>Logs the given message to the console.</doc>
<arguments>
<arg>${x}</arg>
</arguments>
<status status="PASS" starttime="20190724 13:23:06.590" endtime="20190724 13:23:06.591"></status>
</kw>
<status status="PASS" starttime="20190724 13:23:06.589" endtime="20190724 13:23:06.591"></status>
</kw>
<kw name="Input Text" library="SeleniumLibrary">
<doc>Types the given ``text`` into text field identified by ``locator``.</doc>
<arguments>
<arg>${I_NGAMEDESC}</arg>
<arg>Hello! ~RobotFramework</arg>
</arguments>
<msg timestamp="20190724 13:23:06.592" level="INFO">Typing text 'Hello! ~RobotFramework' into text field 'id=newGameDescriptionInput'.</msg>
<status status="PASS" starttime="20190724 13:23:06.591" endtime="20190724 13:23:08.192"></status>
</kw>
<kw name="Log" library="resource">
<arguments>
<arg>Desc set</arg>
</arguments>
<kw name="Log To Console" library="BuiltIn">
<doc>Logs the given message to the console.</doc>
<arguments>
<arg>${x}</arg>
</arguments>
<status status="PASS" starttime="20190724 13:23:08.193" endtime="20190724 13:23:08.194"></status>
</kw>
<status status="PASS" starttime="20190724 13:23:08.192" endtime="20190724 13:23:08.195"></status>
</kw>
<kw name="Generate Game Start Date And Time" library="resource">
<kw name="Get Current Date" library="DateTime">
<doc>Returns current local or UTC time with an optional increment.</doc>
<arguments>
<arg>result_format=%Y-%m-%d %H:%M</arg>
</arguments>
<assign>
<var>${datetime}</var>
</assign>
<msg timestamp="20190724 13:23:08.197" level="INFO">${datetime} = 2019-07-24 13:23</msg>
<status status="PASS" starttime="20190724 13:23:08.196" endtime="20190724 13:23:08.197"></status>
</kw>
<kw name="Randint" library="resource">
<arguments>
<arg>1</arg>
<arg>365</arg>
</arguments>
<assign>
<var>${random}</var>
</assign>
<kw name="Evaluate" library="BuiltIn">
<doc>Evaluates the given expression in Python and returns the results.</doc>
<arguments>
<arg>random.randint(${x}, ${y})</arg>
<arg>modules=random</arg>
</arguments>
<assign>
<var>${random}</var>
</assign>
<msg timestamp="20190724 13:23:08.198" level="INFO">${random} = 324</msg>
<status status="PASS" starttime="20190724 13:23:08.198" endtime="20190724 13:23:08.198"></status>
</kw>
<msg timestamp="20190724 13:23:08.198" level="INFO">${random} = 324</msg>
<status status="PASS" starttime="20190724 13:23:08.197" endtime="20190724 13:23:08.198"></status>
</kw>
<kw name="Add Time To Date" library="DateTime">
<doc>Adds time to date and returns the resulting date.</doc>
<arguments>
<arg>${datetime}</arg>
<arg>${random} days</arg>
</arguments>
<assign>
<var>${startdate}</var>
</assign>
<msg timestamp="20190724 13:23:08.202" level="INFO">${startdate} = 2020-06-12 13:23:00.000</msg>
<status status="PASS" starttime="20190724 13:23:08.198" endtime="20190724 13:23:08.202"></status>
</kw>
<kw name="Randint" library="resource">
<arguments>
<arg>0</arg>
<arg>1339</arg>
</arguments>
<assign>
<var>${random}</var>
</assign>
<kw name="Evaluate" library="BuiltIn">
<doc>Evaluates the given expression in Python and returns the results.</doc>
<arguments>
<arg>random.randint(${x}, ${y})</arg>
<arg>modules=random</arg>
</arguments>
<assign>
<var>${random}</var>
</assign>
<msg timestamp="20190724 13:23:08.203" level="INFO">${random} = 1028</msg>
<status status="PASS" starttime="20190724 13:23:08.202" endtime="20190724 13:23:08.203"></status>
</kw>
<msg timestamp="20190724 13:23:08.203" level="INFO">${random} = 1028</msg>
<status status="PASS" starttime="20190724 13:23:08.202" endtime="20190724 13:23:08.203"></status>
</kw>
<kw name="Add Time To Date" library="DateTime">
<doc>Adds time to date and returns the resulting date.</doc>
<arguments>
<arg>${startdate}</arg>
<arg>${random} minutes</arg>
</arguments>
<assign>
<var>${startdate}</var>
</assign>
<msg timestamp="20190724 13:23:08.203" level="INFO">${startdate} = 2020-06-13 06:31:00.000</msg>
<status status="PASS" starttime="20190724 13:23:08.203" endtime="20190724 13:23:08.203"></status>
</kw>
<kw name="Convert Date" library="DateTime">
<doc>Converts between supported `date formats`.</doc>
<arguments>
<arg>${startdate}</arg>
<arg>result_format=%Y-%m-%d %H:%M</arg>
</arguments>
<assign>
<var>${startdate}</var>
</assign>
<msg timestamp="20190724 13:23:08.204" level="INFO">${startdate} = 2020-06-13 06:31</msg>
<status status="PASS" starttime="20190724 13:23:08.204" endtime="20190724 13:23:08.204"></status>
</kw>
<kw name="Split String" library="String">
<doc>Splits the ``string`` using ``separator`` as a delimiter string.</doc>
<arguments>
<arg>${startdate}</arg>
</arguments>
<assign>
<var>${date}</var>
<var>${time}</var>
</assign>
<msg timestamp="20190724 13:23:08.204" level="INFO">${date} = 2020-06-13</msg>
<msg timestamp="20190724 13:23:08.204" level="INFO">${time} = 06:31</msg>
<status status="PASS" starttime="20190724 13:23:08.204" endtime="20190724 13:23:08.204"></status>
</kw>
<kw name="Set Global Variable" library="BuiltIn">
<doc>Makes a variable available globally in all tests and suites.</doc>
<arguments>
<arg>${START}</arg>
<arg>${startdate}</arg>
</arguments>
<msg timestamp="20190724 13:23:08.205" level="INFO">${START} = 2020-06-13 06:31</msg>
<status status="PASS" starttime="20190724 13:23:08.204" endtime="20190724 13:23:08.205"></status>
</kw>
<kw name="Set Global Variable" library="BuiltIn">
<doc>Makes a variable available globally in all tests and suites.</doc>
<arguments>
<arg>${STARTDATE}</arg>
<arg>${date}</arg>
</arguments>
<msg timestamp="20190724 13:23:08.205" level="INFO">${STARTDATE} = 2020-06-13</msg>
<status status="PASS" starttime="20190724 13:23:08.205" endtime="20190724 13:23:08.205"></status>
</kw>
<kw name="Set Global Variable" library="BuiltIn">
<doc>Makes a variable available globally in all tests and suites.</doc>
<arguments>
<arg>${STARTTIME}</arg>
<arg>${time}</arg>
</arguments>
<msg timestamp="20190724 13:23:08.207" level="INFO">${STARTTIME} = 06:31</msg>
<status status="PASS" starttime="20190724 13:23:08.205" endtime="20190724 13:23:08.207"></status>
</kw>
<status status="PASS" starttime="20190724 13:23:08.195" endtime="20190724 13:23:08.207"></status>
</kw>
<kw name="Input Text" library="SeleniumLibrary">
<doc>Types the given ``text`` into text field identified by ``locator``.</doc>
<arguments>
<arg>${I_NGAMESTART}</arg>
<arg>${STARTDATE}</arg>
</arguments>
<msg timestamp="20190724 13:23:08.207" level="INFO">Typing text '2020-06-13' into text field 'id=newGameDateStartInput'.</msg>
<status status="PASS" starttime="20190724 13:23:08.207" endtime="20190724 13:23:09.749"></status>
</kw>
<kw name="Input Text" library="SeleniumLibrary">
<doc>Types the given ``text`` into text field identified by ``locator``.</doc>
<arguments>
<arg>${I_NSTARTTIME}</arg>
<arg>${STARTTIME}</arg>
</arguments>
<msg timestamp="20190724 13:23:09.751" level="INFO">Typing text '06:31' into text field 'id=newGameTimeStartInput'.</msg>
<status status="PASS" starttime="20190724 13:23:09.750" endtime="20190724 13:23:11.322"></status>
</kw>
<kw name="Log" library="resource">
<arguments>
<arg>start datetime ok</arg>
</arguments>
<kw name="Log To Console" library="BuiltIn">
<doc>Logs the given message to the console.</doc>
<arguments>
<arg>${x}</arg>
</arguments>
<status status="PASS" starttime="20190724 13:23:11.324" endtime="20190724 13:23:11.324"></status>
</kw>
<status status="PASS" starttime="20190724 13:23:11.323" endtime="20190724 13:23:11.325"></status>
</kw>
<kw name="Generate Game End Date And Time" library="resource">
<kw name="Set Variable" library="BuiltIn">
<doc>Returns the given values which can then be assigned to a variables.</doc>
<arguments>
<arg>${START}</arg>
</arguments>
<assign>
<var>${datetime}</var>
</assign>
<msg timestamp="20190724 13:23:11.327" level="INFO">${datetime} = 2020-06-13 06:31</msg>
<status status="PASS" starttime="20190724 13:23:11.326" endtime="20190724 13:23:11.327"></status>
</kw>
<kw name="Randint" library="resource">
<arguments>
<arg>1</arg>
<arg>365</arg>
</arguments>
<assign>
<var>${random}</var>
</assign>
<kw name="Evaluate" library="BuiltIn">
<doc>Evaluates the given expression in Python and returns the results.</doc>
<arguments>
<arg>random.randint(${x}, ${y})</arg>
<arg>modules=random</arg>
</arguments>
<assign>
<var>${random}</var>
</assign>
<msg timestamp="20190724 13:23:11.328" level="INFO">${random} = 288</msg>
<status status="PASS" starttime="20190724 13:23:11.327" endtime="20190724 13:23:11.328"></status>
</kw>
<msg timestamp="20190724 13:23:11.328" level="INFO">${random} = 288</msg>
<status status="PASS" starttime="20190724 13:23:11.327" endtime="20190724 13:23:11.328"></status>
</kw>
<kw name="Add Time To Date" library="DateTime">
<doc>Adds time to date and returns the resulting date.</doc>
<arguments>
<arg>${datetime}</arg>
<arg>${random} days</arg>
</arguments>
<assign>
<var>${enddate}</var>
</assign>
<msg timestamp="20190724 13:23:11.329" level="INFO">${enddate} = 2021-03-28 06:31:00.000</msg>
<status status="PASS" starttime="20190724 13:23:11.328" endtime="20190724 13:23:11.329"></status>
</kw>
<kw name="Randint" library="resource">
<arguments>
<arg>0</arg>
<arg>1339</arg>
</arguments>
<assign>
<var>${random}</var>
</assign>
<kw name="Evaluate" library="BuiltIn">
<doc>Evaluates the given expression in Python and returns the results.</doc>
<arguments>
<arg>random.randint(${x}, ${y})</arg>
<arg>modules=random</arg>
</arguments>
<assign>
<var>${random}</var>
</assign>
<msg timestamp="20190724 13:23:11.329" level="INFO">${random} = 464</msg>
<status status="PASS" starttime="20190724 13:23:11.329" endtime="20190724 13:23:11.329"></status>
</kw>
<msg timestamp="20190724 13:23:11.330" level="INFO">${random} = 464</msg>
<status status="PASS" starttime="20190724 13:23:11.329" endtime="20190724 13:23:11.330"></status>
</kw>
<kw name="Add Time To Date" library="DateTime">
<doc>Adds time to date and returns the resulting date.</doc>
<arguments>
<arg>${enddate}</arg>
<arg>${random} minutes</arg>
</arguments>
<assign>
<var>${enddate}</var>
</assign>
<msg timestamp="20190724 13:23:11.330" level="INFO">${enddate} = 2021-03-28 14:15:00.000</msg>
<status status="PASS" starttime="20190724 13:23:11.330" endtime="20190724 13:23:11.330"></status>
</kw>
<kw name="Convert Date" library="DateTime">
<doc>Converts between supported `date formats`.</doc>
<arguments>
<arg>${enddate}</arg>
<arg>result_format=%Y-%m-%d %H:%M</arg>
</arguments>
<assign>
<var>${enddate}</var>
</assign>
<msg timestamp="20190724 13:23:11.330" level="INFO">${enddate} = 2021-03-28 14:15</msg>
<status status="PASS" starttime="20190724 13:23:11.330" endtime="20190724 13:23:11.331"></status>
</kw>
<kw name="Split String" library="String">
<doc>Splits the ``string`` using ``separator`` as a delimiter string.</doc>
<arguments>
<arg>${enddate}</arg>
</arguments>
<assign>
<var>${date}</var>
<var>${time}</var>
</assign>
<msg timestamp="20190724 13:23:11.331" level="INFO">${date} = 2021-03-28</msg>
<msg timestamp="20190724 13:23:11.331" level="INFO">${time} = 14:15</msg>
<status status="PASS" starttime="20190724 13:23:11.331" endtime="20190724 13:23:11.331"></status>
</kw>
<kw name="Set Global Variable" library="BuiltIn">
<doc>Makes a variable available globally in all tests and suites.</doc>
<arguments>
<arg>${END}</arg>
<arg>${enddate}</arg>
</arguments>
<msg timestamp="20190724 13:23:11.332" level="INFO">${END} = 2021-03-28 14:15</msg>
<status status="PASS" starttime="20190724 13:23:11.331" endtime="20190724 13:23:11.332"></status>
</kw>
<kw name="Set Global Variable" library="BuiltIn">
<doc>Makes a variable available globally in all tests and suites.</doc>
<arguments>
<arg>${ENDDATE}</arg>
<arg>${date}</arg>
</arguments>
<msg timestamp="20190724 13:23:11.333" level="INFO">${ENDDATE} = 2021-03-28</msg>
<status status="PASS" starttime="20190724 13:23:11.333" endtime="20190724 13:23:11.333"></status>
</kw>
<kw name="Set Global Variable" library="BuiltIn">
<doc>Makes a variable available globally in all tests and suites.</doc>
<arguments>
<arg>${ENDTIME}</arg>
<arg>${time}</arg>
</arguments>
<msg timestamp="20190724 13:23:11.334" level="INFO">${ENDTIME} = 14:15</msg>
<status status="PASS" starttime="20190724 13:23:11.333" endtime="20190724 13:23:11.334"></status>
</kw>
<status status="PASS" starttime="20190724 13:23:11.325" endtime="20190724 13:23:11.335"></status>
</kw>
<kw name="Input Text" library="SeleniumLibrary">
<doc>Types the given ``text`` into text field identified by ``locator``.</doc>
<arguments>
<arg>${I_NGAMESTOP}</arg>
<arg>${ENDDATE}</arg>
</arguments>
<msg timestamp="20190724 13:23:11.335" level="INFO">Typing text '2021-03-28' into text field 'id=newGameDateEndInput'.</msg>
<status status="PASS" starttime="20190724 13:23:11.335" endtime="20190724 13:23:12.886"></status>
</kw>
<kw name="Input Text" library="SeleniumLibrary">
<doc>Types the given ``text`` into text field identified by ``locator``.</doc>
<arguments>
<arg>${I_NSTOPTIME}</arg>
<arg>${ENDTIME}</arg>
</arguments>
<msg timestamp="20190724 13:23:12.887" level="INFO">Typing text '14:15' into text field 'id=newGameTimeEndInput'.</msg>
<status status="PASS" starttime="20190724 13:23:12.886" endtime="20190724 13:23:14.433"></status>
</kw>
<kw name="Log" library="resource">
<arguments>
<arg>end datetime ok</arg>
</arguments>
<kw name="Log To Console" library="BuiltIn">
<doc>Logs the given message to the console.</doc>
<arguments>
<arg>${x}</arg>
</arguments>
<status status="PASS" starttime="20190724 13:23:14.447" endtime="20190724 13:23:14.448"></status>
</kw>
<status status="PASS" starttime="20190724 13:23:14.433" endtime="20190724 13:23:14.448"></status>
</kw>
<kw name="Click Button" library="SeleniumLibrary">
<doc>Clicks button identified by ``locator``.</doc>
<arguments>
<arg>${B_NSUBMIT}</arg>
</arguments>
<msg timestamp="20190724 13:23:14.448" level="INFO">Clicking button 'id=newGameSubmitButton'.</msg>
<status status="PASS" starttime="20190724 13:23:14.448" endtime="20190724 13:23:17.128"></status>
</kw>
<kw name="Handle Alert" library="SeleniumLibrary">
<doc>Handles the current alert and returns its message.</doc>
<status status="PASS" starttime="20190724 13:23:17.129" endtime="20190724 13:23:18.651"></status>
</kw>
<status status="PASS" starttime="20190724 13:23:01.577" endtime="20190724 13:23:18.651"></status>
</kw>
<kw name="Check Game List">
<kw name="Select Game" library="resource">
<kw name="Format String" library="String">
<doc>Formats a ``template`` using the given ``positional`` and ``named`` arguments.</doc>
<arguments>
<arg>select{}</arg>
<arg>${VALID_GAME}</arg>
</arguments>
<assign>
<var>${x}</var>
</assign>
<msg timestamp="20190724 13:23:18.654" level="INFO">${x} = selecttest_LmkVuP</msg>
<status status="PASS" starttime="20190724 13:23:18.653" endtime="20190724 13:23:18.654"></status>
</kw>
<kw name="Wait Until Page Contains Element" library="SeleniumLibrary">
<doc>Waits until element ``locator`` appears on current page.</doc>
<arguments>
<arg>id=${x}</arg>
<arg>1</arg>
</arguments>
<status status="PASS" starttime="20190724 13:23:18.655" endtime="20190724 13:23:19.161"></status>
</kw>
<kw name="Click Button" library="SeleniumLibrary">
<doc>Clicks button identified by ``locator``.</doc>
<arguments>
<arg>id=${x}</arg>
</arguments>
<msg timestamp="20190724 13:23:19.162" level="INFO">Clicking button 'id=selecttest_LmkVuP'.</msg>
<status status="PASS" starttime="20190724 13:23:19.161" endtime="20190724 13:23:21.931"></status>
</kw>
<kw name="Log" library="resource">
<arguments>
<arg>Game Selected</arg>
</arguments>
<kw name="Log To Console" library="BuiltIn">
<doc>Logs the given message to the console.</doc>
<arguments>
<arg>${x}</arg>
</arguments>
<status status="PASS" starttime="20190724 13:23:21.933" endtime="20190724 13:23:21.933"></status>
</kw>
<status status="PASS" starttime="20190724 13:23:21.932" endtime="20190724 13:23:21.934"></status>
</kw>
<status status="PASS" starttime="20190724 13:23:18.653" endtime="20190724 13:23:21.934"></status>
</kw>
<status status="PASS" starttime="20190724 13:23:18.652" endtime="20190724 13:23:21.934"></status>
</kw>
<kw name="Log Out" library="resource">
<kw name="Click Button" library="SeleniumLibrary">
<doc>Clicks button identified by ``locator``.</doc>
<arguments>
<arg>id=signOutButton</arg>
</arguments>
<msg timestamp="20190724 13:23:21.936" level="INFO">Clicking button 'id=signOutButton'.</msg>
<status status="PASS" starttime="20190724 13:23:21.936" endtime="20190724 13:23:24.717"></status>
</kw>
<status status="PASS" starttime="20190724 13:23:21.935" endtime="20190724 13:23:24.718"></status>
</kw>
<status status="PASS" starttime="20190724 13:22:55.650" endtime="20190724 13:23:24.719" critical="yes"></status>
</test>
<kw name="Close Browser" library="SeleniumLibrary" type="teardown">
<doc>Closes the current browser.</doc>
<status status="PASS" starttime="20190724 13:23:24.721" endtime="20190724 13:23:28.825"></status>
</kw>
<doc>A test suite for making a new game with existing user.</doc>
<status status="PASS" starttime="20190724 13:22:51.518" endtime="20190724 13:23:28.825"></status>
</suite>
<suite id="s1-s3" name="05 Edit Game" source="/home/l4074/overflow/ehasa-frontend/tests/05_edit_game.robot">
<kw name="Open Browser To Login Page" library="resource" type="setup">
<kw name="Open Browser" library="SeleniumLibrary">
<doc>Opens a new browser instance to the given ``url``.</doc>
<arguments>
<arg>${LOGIN URL}</arg>
<arg>${BROWSER}</arg>
</arguments>
<msg timestamp="20190724 13:23:28.838" level="INFO">Opening browser 'ff' to base url 'https://tacs-testing.cf/'.</msg>
<status status="PASS" starttime="20190724 13:23:28.837" endtime="20190724 13:23:31.705"></status>
</kw>
<kw name="Set Window Size" library="SeleniumLibrary">
<doc>Sets current windows size to given ``width`` and ``height``.</doc>
<arguments>
<arg>1920</arg>
<arg>1080</arg>
</arguments>
<status status="PASS" starttime="20190724 13:23:31.706" endtime="20190724 13:23:32.275"></status>
</kw>
<kw name="Set Selenium Speed" library="SeleniumLibrary">
<doc>Sets the delay that is waited after each Selenium command.</doc>
<arguments>
<arg>${DELAY}</arg>
</arguments>
<status status="PASS" starttime="20190724 13:23:32.275" endtime="20190724 13:23:32.276"></status>
</kw>
<kw name="Login Page Should be Open" library="resource">
<kw name="Title Should Be" library="SeleniumLibrary">
<doc>Verifies that current page title equals ``title``.</doc>
<arguments>
<arg>TACS</arg>
</arguments>
<msg timestamp="20190724 13:23:32.780" level="INFO">Page title is 'TACS'.</msg>
<status status="PASS" starttime="20190724 13:23:32.276" endtime="20190724 13:23:32.780"></status>
</kw>
<status status="PASS" starttime="20190724 13:23:32.276" endtime="20190724 13:23:32.781"></status>
</kw>
<status status="PASS" starttime="20190724 13:23:28.837" endtime="20190724 13:23:32.781"></status>
</kw>
<test id="s1-s3-t1" name="Edit Existing Game">
<kw name="Valid Login">
<kw name="Input Username" library="resource">
<arguments>
<arg>${VALID USER}</arg>
</arguments>
<kw name="Input Text" library="SeleniumLibrary">
<doc>Types the given ``text`` into text field identified by ``locator``.</doc>
<arguments>
<arg>id=loginUsernameInput</arg>
<arg>${username}</arg>
</arguments>
<msg timestamp="20190724 13:23:32.787" level="INFO">Typing text 'DnV5QTmYovLB' into text field 'id=loginUsernameInput'.</msg>
<status status="PASS" starttime="20190724 13:23:32.786" endtime="20190724 13:23:34.405"></status>
</kw>
<status status="PASS" starttime="20190724 13:23:32.784" endtime="20190724 13:23:34.405"></status>
</kw>
<kw name="Input Password" library="resource">
<arguments>
<arg>${VALID PASSWORD}</arg>
</arguments>
<kw name="Input Text" library="SeleniumLibrary">
<doc>Types the given ``text`` into text field identified by ``locator``.</doc>
<arguments>
<arg>id=loginPasswordInput</arg>
<arg>${password}</arg>
</arguments>
<msg timestamp="20190724 13:23:34.408" level="INFO">Typing text 'koira' into text field 'id=loginPasswordInput'.</msg>
<status status="PASS" starttime="20190724 13:23:34.407" endtime="20190724 13:23:35.980"></status>
</kw>
<status status="PASS" starttime="20190724 13:23:34.406" endtime="20190724 13:23:35.981"></status>
</kw>
<kw name="Submit Credentials Login" library="resource">
<kw name="Click Button" library="SeleniumLibrary">
<doc>Clicks button identified by ``locator``.</doc>
<arguments>
<arg>id=submitLoginButton</arg>
</arguments>
<msg timestamp="20190724 13:23:35.983" level="INFO">Clicking button 'id=submitLoginButton'.</msg>
<status status="PASS" starttime="20190724 13:23:35.982" endtime="20190724 13:23:38.785"></status>
</kw>
<status status="PASS" starttime="20190724 13:23:35.981" endtime="20190724 13:23:38.785"></status>
</kw>
<status status="PASS" starttime="20190724 13:23:32.783" endtime="20190724 13:23:38.786"></status>
</kw>
<kw name="Select Game" library="resource">
<kw name="Format String" library="String">
<doc>Formats a ``template`` using the given ``positional`` and ``named`` arguments.</doc>
<arguments>
<arg>select{}</arg>
<arg>${VALID_GAME}</arg>
</arguments>
<assign>
<var>${x}</var>
</assign>
<msg timestamp="20190724 13:23:38.788" level="INFO">${x} = selecttest_LmkVuP</msg>
<status status="PASS" starttime="20190724 13:23:38.787" endtime="20190724 13:23:38.788"></status>
</kw>
<kw name="Wait Until Page Contains Element" library="SeleniumLibrary">
<doc>Waits until element ``locator`` appears on current page.</doc>
<arguments>
<arg>id=${x}</arg>
<arg>1</arg>
</arguments>
<status status="PASS" starttime="20190724 13:23:38.789" endtime="20190724 13:23:39.309"></status>
</kw>
<kw name="Click Button" library="SeleniumLibrary">
<doc>Clicks button identified by ``locator``.</doc>
<arguments>
<arg>id=${x}</arg>
</arguments>
<msg timestamp="20190724 13:23:39.310" level="INFO">Clicking button 'id=selecttest_LmkVuP'.</msg>
<status status="PASS" starttime="20190724 13:23:39.309" endtime="20190724 13:23:42.117"></status>
</kw>
<kw name="Log" library="resource">
<arguments>
<arg>Game Selected</arg>
</arguments>
<kw name="Log To Console" library="BuiltIn">
<doc>Logs the given message to the console.</doc>
<arguments>
<arg>${x}</arg>
</arguments>
<status status="PASS" starttime="20190724 13:23:42.118" endtime="20190724 13:23:42.118"></status>
</kw>
<status status="PASS" starttime="20190724 13:23:42.118" endtime="20190724 13:23:42.119"></status>
</kw>
<status status="PASS" starttime="20190724 13:23:38.786" endtime="20190724 13:23:42.119"></status>
</kw>
<kw name="Edit Game Time" library="resource">
<kw name="Wait Until Page Contains Element" library="SeleniumLibrary">
<doc>Waits until element ``locator`` appears on current page.</doc>
<arguments>
<arg>id=editGameButton</arg>
<arg>1</arg>
</arguments>
<status status="PASS" starttime="20190724 13:23:42.119" endtime="20190724 13:23:42.627"></status>
</kw>
<kw name="Click Button" library="SeleniumLibrary">
<doc>Clicks button identified by ``locator``.</doc>
<arguments>
<arg>${B_EDITGAME}</arg>
</arguments>
<msg timestamp="20190724 13:23:42.628" level="INFO">Clicking button 'id=editGameButton'.</msg>
<status status="PASS" starttime="20190724 13:23:42.628" endtime="20190724 13:23:45.474"></status>
</kw>
<kw name="Input Text" library="SeleniumLibrary">
<doc>Types the given ``text`` into text field identified by ``locator``.</doc>
<arguments>
<arg>${I_EGAMENAME}</arg>
<arg>${VALID_GAME}</arg>
</arguments>
<msg timestamp="20190724 13:23:45.475" level="INFO">Typing text 'test_LmkVuP' into text field 'id=editGameNameInput'.</msg>
<status status="PASS" starttime="20190724 13:23:45.475" endtime="20190724 13:23:47.084"></status>
</kw>
<kw name="Log" library="resource">
<arguments>
<arg>GameName edited</arg>
</arguments>
<kw name="Log To Console" library="BuiltIn">
<doc>Logs the given message to the console.</doc>
<arguments>
<arg>${x}</arg>
</arguments>
<status status="PASS" starttime="20190724 13:23:47.086" endtime="20190724 13:23:47.086"></status>
</kw>
<status status="PASS" starttime="20190724 13:23:47.084" endtime="20190724 13:23:47.087"></status>
</kw>
<kw name="Input Text" library="SeleniumLibrary">
<doc>Types the given ``text`` into text field identified by ``locator``.</doc>
<arguments>
<arg>${I_EGAMEDESC}</arg>
<arg>Hello, I Edited this game ~RobotFramework</arg>
</arguments>
<msg timestamp="20190724 13:23:47.088" level="INFO">Typing text 'Hello, I Edited this game ~RobotFramework' into text field 'id=editGameDescriptionInput'.</msg>
<status status="PASS" starttime="20190724 13:23:47.087" endtime="20190724 13:23:48.715"></status>
</kw>
<kw name="Log" library="resource">
<arguments>
<arg>Desc edited</arg>
</arguments>
<kw name="Log To Console" library="BuiltIn">
<doc>Logs the given message to the console.</doc>
<arguments>
<arg>${x}</arg>
</arguments>
<status status="PASS" starttime="20190724 13:23:48.717" endtime="20190724 13:23:48.718"></status>
</kw>
<status status="PASS" starttime="20190724 13:23:48.716" endtime="20190724 13:23:48.718"></status>
</kw>
<kw name="Generate Game Start Date And Time" library="resource">
<kw name="Get Current Date" library="DateTime">
<doc>Returns current local or UTC time with an optional increment.</doc>
<arguments>
<arg>result_format=%Y-%m-%d %H:%M</arg>
</arguments>
<assign>
<var>${datetime}</var>
</assign>
<msg timestamp="20190724 13:23:48.720" level="INFO">${datetime} = 2019-07-24 13:23</msg>
<status status="PASS" starttime="20190724 13:23:48.719" endtime="20190724 13:23:48.720"></status>
</kw>
<kw name="Randint" library="resource">
<arguments>
<arg>1</arg>
<arg>365</arg>
</arguments>
<assign>
<var>${random}</var>
</assign>
<kw name="Evaluate" library="BuiltIn">
<doc>Evaluates the given expression in Python and returns the results.</doc>
<arguments>
<arg>random.randint(${x}, ${y})</arg>
<arg>modules=random</arg>
</arguments>
<assign>
<var>${random}</var>
</assign>
<msg timestamp="20190724 13:23:48.721" level="INFO">${random} = 38</msg>
<status status="PASS" starttime="20190724 13:23:48.721" endtime="20190724 13:23:48.721"></status>
</kw>
<msg timestamp="20190724 13:23:48.721" level="INFO">${random} = 38</msg>
<status status="PASS" starttime="20190724 13:23:48.720" endtime="20190724 13:23:48.721"></status>
</kw>
<kw name="Add Time To Date" library="DateTime">
<doc>Adds time to date and returns the resulting date.</doc>
<arguments>
<arg>${datetime}</arg>
<arg>${random} days</arg>
</arguments>
<assign>
<var>${startdate}</var>
</assign>
<msg timestamp="20190724 13:23:48.722" level="INFO">${startdate} = 2019-08-31 13:23:00.000</msg>
<status status="PASS" starttime="20190724 13:23:48.721" endtime="20190724 13:23:48.722"></status>
</kw>
<kw name="Randint" library="resource">
<arguments>
<arg>0</arg>
<arg>1339</arg>
</arguments>
<assign>
<var>${random}</var>
</assign>
<kw name="Evaluate" library="BuiltIn">
<doc>Evaluates the given expression in Python and returns the results.</doc>
<arguments>
<arg>random.randint(${x}, ${y})</arg>
<arg>modules=random</arg>
</arguments>
<assign>
<var>${random}</var>
</assign>
<msg timestamp="20190724 13:23:48.723" level="INFO">${random} = 426</msg>
<status status="PASS" starttime="20190724 13:23:48.722" endtime="20190724 13:23:48.723"></status>
</kw>
<msg timestamp="20190724 13:23:48.723" level="INFO">${random} = 426</msg>
<status status="PASS" starttime="20190724 13:23:48.722" endtime="20190724 13:23:48.723"></status>
</kw>
<kw name="Add Time To Date" library="DateTime">
<doc>Adds time to date and returns the resulting date.</doc>
<arguments>
<arg>${startdate}</arg>
<arg>${random} minutes</arg>
</arguments>
<assign>
<var>${startdate}</var>
</assign>
<msg timestamp="20190724 13:23:48.724" level="INFO">${startdate} = 2019-08-31 20:29:00.000</msg>
<status status="PASS" starttime="20190724 13:23:48.723" endtime="20190724 13:23:48.724"></status>
</kw>
<kw name="Convert Date" library="DateTime">
<doc>Converts between supported `date formats`.</doc>
<arguments>
<arg>${startdate}</arg>
<arg>result_format=%Y-%m-%d %H:%M</arg>
</arguments>
<assign>
<var>${startdate}</var>
</assign>
<msg timestamp="20190724 13:23:48.724" level="INFO">${startdate} = 2019-08-31 20:29</msg>
<status status="PASS" starttime="20190724 13:23:48.724" endtime="20190724 13:23:48.724"></status>
</kw>
<kw name="Split String" library="String">
<doc>Splits the ``string`` using ``separator`` as a delimiter string.</doc>
<arguments>
<arg>${startdate}</arg>
</arguments>
<assign>
<var>${date}</var>
<var>${time}</var>
</assign>
<msg timestamp="20190724 13:23:48.725" level="INFO">${date} = 2019-08-31</msg>
<msg timestamp="20190724 13:23:48.725" level="INFO">${time} = 20:29</msg>
<status status="PASS" starttime="20190724 13:23:48.724" endtime="20190724 13:23:48.725"></status>
</kw>
<kw name="Set Global Variable" library="BuiltIn">
<doc>Makes a variable available globally in all tests and suites.</doc>
<arguments>
<arg>${START}</arg>
<arg>${startdate}</arg>
</arguments>
<msg timestamp="20190724 13:23:48.725" level="INFO">${START} = 2019-08-31 20:29</msg>
<status status="PASS" starttime="20190724 13:23:48.725" endtime="20190724 13:23:48.725"></status>
</kw>
<kw name="Set Global Variable" library="BuiltIn">
<doc>Makes a variable available globally in all tests and suites.</doc>
<arguments>
<arg>${STARTDATE}</arg>
<arg>${date}</arg>
</arguments>
<msg timestamp="20190724 13:23:48.726" level="INFO">${STARTDATE} = 2019-08-31</msg>
<status status="PASS" starttime="20190724 13:23:48.725" endtime="20190724 13:23:48.726"></status>
</kw>
<kw name="Set Global Variable" library="BuiltIn">
<doc>Makes a variable available globally in all tests and suites.</doc>
<arguments>
<arg>${STARTTIME}</arg>
<arg>${time}</arg>
</arguments>
<msg timestamp="20190724 13:23:48.726" level="INFO">${STARTTIME} = 20:29</msg>
<status status="PASS" starttime="20190724 13:23:48.726" endtime="20190724 13:23:48.726"></status>
</kw>
<status status="PASS" starttime="20190724 13:23:48.719" endtime="20190724 13:23:48.726"></status>
</kw>
<kw name="Input Text" library="SeleniumLibrary">
<doc>Types the given ``text`` into text field identified by ``locator``.</doc>
<arguments>
<arg>${I_EGAMESTART}</arg>
<arg>${STARTDATE}</arg>
</arguments>
<msg timestamp="20190724 13:23:48.726" level="INFO">Typing text '2019-08-31' into text field 'id=editGameDateStartInput'.</msg>
<status status="PASS" starttime="20190724 13:23:48.726" endtime="20190724 13:23:50.273"></status>
</kw>
<kw name="Input Text" library="SeleniumLibrary">
<doc>Types the given ``text`` into text field identified by ``locator``.</doc>
<arguments>
<arg>${I_ESTARTTIME}</arg>
<arg>${STARTTIME}</arg>
</arguments>
<msg timestamp="20190724 13:23:50.274" level="INFO">Typing text '20:29' into text field 'id=editGameTimeStartInput'.</msg>
<status status="PASS" starttime="20190724 13:23:50.273" endtime="20190724 13:23:51.831"></status>
</kw>
<kw name="Log" library="resource">
<arguments>
<arg>start edited</arg>
</arguments>
<kw name="Log To Console" library="BuiltIn">
<doc>Logs the given message to the console.</doc>
<arguments>
<arg>${x}</arg>
</arguments>
<status status="PASS" starttime="20190724 13:23:51.833" endtime="20190724 13:23:51.834"></status>
</kw>
<status status="PASS" starttime="20190724 13:23:51.832" endtime="20190724 13:23:51.834"></status>
</kw>
<kw name="Generate Game End Date And Time" library="resource">
<kw name="Set Variable" library="BuiltIn">
<doc>Returns the given values which can then be assigned to a variables.</doc>
<arguments>
<arg>${START}</arg>
</arguments>
<assign>
<var>${datetime}</var>
</assign>
<msg timestamp="20190724 13:23:51.836" level="INFO">${datetime} = 2019-08-31 20:29</msg>
<status status="PASS" starttime="20190724 13:23:51.835" endtime="20190724 13:23:51.836"></status>
</kw>
<kw name="Randint" library="resource">
<arguments>
<arg>1</arg>
<arg>365</arg>
</arguments>
<assign>
<var>${random}</var>
</assign>
<kw name="Evaluate" library="BuiltIn">
<doc>Evaluates the given expression in Python and returns the results.</doc>
<arguments>
<arg>random.randint(${x}, ${y})</arg>
<arg>modules=random</arg>
</arguments>
<assign>
<var>${random}</var>
</assign>
<msg timestamp="20190724 13:23:51.837" level="INFO">${random} = 136</msg>
<status status="PASS" starttime="20190724 13:23:51.837" endtime="20190724 13:23:51.838"></status>
</kw>
<msg timestamp="20190724 13:23:51.838" level="INFO">${random} = 136</msg>
<status status="PASS" starttime="20190724 13:23:51.836" endtime="20190724 13:23:51.838"></status>
</kw>
<kw name="Add Time To Date" library="DateTime">
<doc>Adds time to date and returns the resulting date.</doc>
<arguments>
<arg>${datetime}</arg>
<arg>${random} days</arg>
</arguments>
<assign>
<var>${enddate}</var>
</assign>
<msg timestamp="20190724 13:23:51.838" level="INFO">${enddate} = 2020-01-14 20:29:00.000</msg>
<status status="PASS" starttime="20190724 13:23:51.838" endtime="20190724 13:23:51.838"></status>
</kw>
<kw name="Randint" library="resource">
<arguments>
<arg>0</arg>
<arg>1339</arg>
</arguments>
<assign>
<var>${random}</var>
</assign>
<kw name="Evaluate" library="BuiltIn">
<doc>Evaluates the given expression in Python and returns the results.</doc>
<arguments>
<arg>random.randint(${x}, ${y})</arg>
<arg>modules=random</arg>
</arguments>
<assign>
<var>${random}</var>
</assign>
<msg timestamp="20190724 13:23:51.839" level="INFO">${random} = 1062</msg>
<status status="PASS" starttime="20190724 13:23:51.839" endtime="20190724 13:23:51.839"></status>
</kw>
<msg timestamp="20190724 13:23:51.839" level="INFO">${random} = 1062</msg>
<status status="PASS" starttime="20190724 13:23:51.838" endtime="20190724 13:23:51.839"></status>
</kw>
<kw name="Add Time To Date" library="DateTime">
<doc>Adds time to date and returns the resulting date.</doc>
<arguments>
<arg>${enddate}</arg>
<arg>${random} minutes</arg>
</arguments>
<assign>
<var>${enddate}</var>
</assign>
<msg timestamp="20190724 13:23:51.840" level="INFO">${enddate} = 2020-01-15 14:11:00.000</msg>
<status status="PASS" starttime="20190724 13:23:51.839" endtime="20190724 13:23:51.840"></status>
</kw>
<kw name="Convert Date" library="DateTime">
<doc>Converts between supported `date formats`.</doc>
<arguments>
<arg>${enddate}</arg>
<arg>result_format=%Y-%m-%d %H:%M</arg>
</arguments>
<assign>
<var>${enddate}</var>
</assign>
<msg timestamp="20190724 13:23:51.840" level="INFO">${enddate} = 2020-01-15 14:11</msg>
<status status="PASS" starttime="20190724 13:23:51.840" endtime="20190724 13:23:51.840"></status>
</kw>
<kw name="Split String" library="String">
<doc>Splits the ``string`` using ``separator`` as a delimiter string.</doc>
<arguments>
<arg>${enddate}</arg>
</arguments>
<assign>
<var>${date}</var>
<var>${time}</var>
</assign>
<msg timestamp="20190724 13:23:51.841" level="INFO">${date} = 2020-01-15</msg>
<msg timestamp="20190724 13:23:51.841" level="INFO">${time} = 14:11</msg>
<status status="PASS" starttime="20190724 13:23:51.840" endtime="20190724 13:23:51.841"></status>
</kw>
<kw name="Set Global Variable" library="BuiltIn">
<doc>Makes a variable available globally in all tests and suites.</doc>
<arguments>
<arg>${END}</arg>
<arg>${enddate}</arg>
</arguments>
<msg timestamp="20190724 13:23:51.841" level="INFO">${END} = 2020-01-15 14:11</msg>
<status status="PASS" starttime="20190724 13:23:51.841" endtime="20190724 13:23:51.841"></status>
</kw>
<kw name="Set Global Variable" library="BuiltIn">
<doc>Makes a variable available globally in all tests and suites.</doc>
<arguments>
<arg>${ENDDATE}</arg>
<arg>${date}</arg>
</arguments>
<msg timestamp="20190724 13:23:51.842" level="INFO">${ENDDATE} = 2020-01-15</msg>
<status status="PASS" starttime="20190724 13:23:51.841" endtime="20190724 13:23:51.842"></status>
</kw>
<kw name="Set Global Variable" library="BuiltIn">
<doc>Makes a variable available globally in all tests and suites.</doc>
<arguments>
<arg>${ENDTIME}</arg>
<arg>${time}</arg>
</arguments>
<msg timestamp="20190724 13:23:51.842" level="INFO">${ENDTIME} = 14:11</msg>
<status status="PASS" starttime="20190724 13:23:51.842" endtime="20190724 13:23:51.842"></status>
</kw>
<status status="PASS" starttime="20190724 13:23:51.834" endtime="20190724 13:23:51.842"></status>
</kw>
<kw name="Input Text" library="SeleniumLibrary">
<doc>Types the given ``text`` into text field identified by ``locator``.</doc>
<arguments>
<arg>${I_EGAMESTOP}</arg>
<arg>${ENDDATE}</arg>
</arguments>
<msg timestamp="20190724 13:23:51.843" level="INFO">Typing text '2020-01-15' into text field 'id=editGameDateEndInput'.</msg>
<status status="PASS" starttime="20190724 13:23:51.842" endtime="20190724 13:23:53.392"></status>
</kw>
<kw name="Input Text" library="SeleniumLibrary">
<doc>Types the given ``text`` into text field identified by ``locator``.</doc>
<arguments>
<arg>${I_ESTOPTIME}</arg>
<arg>${ENDTIME}</arg>
</arguments>
<msg timestamp="20190724 13:23:53.394" level="INFO">Typing text '14:11' into text field 'id=editGameTimeEndInput'.</msg>
<status status="PASS" starttime="20190724 13:23:53.393" endtime="20190724 13:23:54.949"></status>
</kw>
<kw name="Log" library="resource">
<arguments>
<arg>end edited</arg>
</arguments>
<kw name="Log To Console" library="BuiltIn">
<doc>Logs the given message to the console.</doc>
<arguments>
<arg>${x}</arg>
</arguments>
<status status="PASS" starttime="20190724 13:23:54.951" endtime="20190724 13:23:54.952"></status>
</kw>
<status status="PASS" starttime="20190724 13:23:54.950" endtime="20190724 13:23:54.952"></status>
</kw>
<status status="PASS" starttime="20190724 13:23:42.119" endtime="20190724 13:23:54.952"></status>
</kw>
<kw name="Edit Factions" library="resource">
<kw name="Input Text" library="SeleniumLibrary">
<doc>Types the given ``text`` into text field identified by ``locator``.</doc>
<arguments>
<arg>${I_FACTIONNAME}</arg>
<arg>${FACTION1}</arg>
</arguments>
<msg timestamp="20190724 13:23:54.954" level="INFO">Typing text 'Faction1' into text field 'id=editGameFactionNameInput'.</msg>
<status status="PASS" starttime="20190724 13:23:54.953" endtime="20190724 13:23:56.505"></status>
</kw>
<kw name="Input Text" library="SeleniumLibrary">
<doc>Types the given ``text`` into text field identified by ``locator``.</doc>
<arguments>
<arg>${I_FACTIONPASS}</arg>
<arg>Pass1</arg>
</arguments>
<msg timestamp="20190724 13:23:56.507" level="INFO">Typing text 'Pass1' into text field 'id=editGameFactionPasswordInput'.</msg>
<status status="PASS" starttime="20190724 13:23:56.506" endtime="20190724 13:23:58.079"></status>
</kw>
<kw name="Click Button" library="SeleniumLibrary">
<doc>Clicks button identified by ``locator``.</doc>
<arguments>
<arg>${B_FACTIONADD}</arg>
</arguments>
<msg timestamp="20190724 13:23:58.081" level="INFO">Clicking button 'id=editGameFactionSubmitButton'.</msg>
<status status="PASS" starttime="20190724 13:23:58.080" endtime="20190724 13:24:00.872"></status>
</kw>
<kw name="Input Text" library="SeleniumLibrary">
<doc>Types the given ``text`` into text field identified by ``locator``.</doc>
<arguments>
<arg>${I_FACTIONNAME}</arg>
<arg>${FACTION2}</arg>
</arguments>
<msg timestamp="20190724 13:24:00.874" level="INFO">Typing text 'Faction2' into text field 'id=editGameFactionNameInput'.</msg>
<status status="PASS" starttime="20190724 13:24:00.873" endtime="20190724 13:24:02.438"></status>
</kw>
<kw name="Input Text" library="SeleniumLibrary">
<doc>Types the given ``text`` into text field identified by ``locator``.</doc>
<arguments>
<arg>${I_FACTIONPASS}</arg>
<arg>Pass2</arg>
</arguments>
<msg timestamp="20190724 13:24:02.439" level="INFO">Typing text 'Pass2' into text field 'id=editGameFactionPasswordInput'.</msg>
<status status="PASS" starttime="20190724 13:24:02.438" endtime="20190724 13:24:04.011"></status>
</kw>
<kw name="Click Button" library="SeleniumLibrary">
<doc>Clicks button identified by ``locator``.</doc>
<arguments>
<arg>${B_FACTIONADD}</arg>
</arguments>
<msg timestamp="20190724 13:24:04.012" level="INFO">Clicking button 'id=editGameFactionSubmitButton'.</msg>
<status status="PASS" starttime="20190724 13:24:04.011" endtime="20190724 13:24:06.776"></status>
</kw>
<status status="PASS" starttime="20190724 13:23:54.953" endtime="20190724 13:24:06.776"></status>
</kw>
<kw name="Edit Objective Points" library="resource">
<kw name="Input Text" library="SeleniumLibrary">
<doc>Types the given ``text`` into text field identified by ``locator``.</doc>
<arguments>
<arg>${I_FLAGNAME}</arg>
<arg>1234567</arg>
</arguments>
<msg timestamp="20190724 13:24:06.778" level="INFO">Typing text '1234567' into text field 'id=editGameObjectivePointDescriptionInput'.</msg>
<status status="PASS" starttime="20190724 13:24:06.778" endtime="20190724 13:24:08.352"></status>
</kw>
<kw name="Input Text" library="SeleniumLibrary">
<doc>Types the given ``text`` into text field identified by ``locator``.</doc>
<arguments>
<arg>${I_FLAGMULTI}</arg>
<arg>3</arg>
</arguments>
<msg timestamp="20190724 13:24:08.353" level="INFO">Typing text '3' into text field 'id=editGameObjectivePointMultiplierInput'.</msg>
<status status="PASS" starttime="20190724 13:24:08.352" endtime="20190724 13:24:09.908"></status>
</kw>
<kw name="Click Button" library="SeleniumLibrary">
<doc>Clicks button identified by ``locator``.</doc>
<arguments>
<arg>${B_FLAGADD}</arg>
</arguments>
<msg timestamp="20190724 13:24:09.909" level="INFO">Clicking button 'id=editGameObjectivePointSubmitButton'.</msg>
<status status="PASS" starttime="20190724 13:24:09.908" endtime="20190724 13:24:12.698"></status>
</kw>
<kw name="Input Text" library="SeleniumLibrary">
<doc>Types the given ``text`` into text field identified by ``locator``.</doc>
<arguments>
<arg>${I_CAPTURE}</arg>
<arg>240</arg>
</arguments>
<msg timestamp="20190724 13:24:12.700" level="INFO">Typing text '240' into text field 'id=editGameCaptureTimeInput'.</msg>
<status status="PASS" starttime="20190724 13:24:12.699" endtime="20190724 13:24:14.266"></status>
</kw>
<kw name="Input Text" library="SeleniumLibrary">
<doc>Types the given ``text`` into text field identified by ``locator``.</doc>
<arguments>
<arg>${I_CONF}</arg>
<arg>30</arg>
</arguments>
<msg timestamp="20190724 13:24:14.267" level="INFO">Typing text '30' into text field 'id=editGameConfirmationTimeInput'.</msg>
<status status="PASS" starttime="20190724 13:24:14.267" endtime="20190724 13:24:15.823"></status>
</kw>
<status status="PASS" starttime="20190724 13:24:06.777" endtime="20190724 13:24:15.824"></status>
</kw>
<kw name="Save Game" library="resource">
<kw name="Click Button" library="SeleniumLibrary">
<doc>Clicks button identified by ``locator``.</doc>
<arguments>
<arg>${B_ESUBMIT}</arg>
</arguments>
<msg timestamp="20190724 13:24:15.826" level="INFO">Clicking button 'id=editGameSubmitButton'.</msg>
<status status="PASS" starttime="20190724 13:24:15.825" endtime="20190724 13:24:18.565"></status>
</kw>
<kw name="Alert Should Be Present" library="SeleniumLibrary">
<doc>Verifies that an alert is present and, by default, accepts it.</doc>
<arguments>
<arg>text=Game updated</arg>
<arg>action=ACCEPT</arg>
<arg>timeout=None</arg>
</arguments>
<status status="PASS" starttime="20190724 13:24:18.566" endtime="20190724 13:24:20.092"></status>
</kw>
<status status="PASS" starttime="20190724 13:24:15.824" endtime="20190724 13:24:20.092"></status>
</kw>
<kw name="Log Out" library="resource">
<kw name="Click Button" library="SeleniumLibrary">
<doc>Clicks button identified by ``locator``.</doc>
<arguments>
<arg>id=signOutButton</arg>
</arguments>
<msg timestamp="20190724 13:24:20.094" level="INFO">Clicking button 'id=signOutButton'.</msg>
<status status="PASS" starttime="20190724 13:24:20.094" endtime="20190724 13:24:22.890"></status>
</kw>
<status status="PASS" starttime="20190724 13:24:20.093" endtime="20190724 13:24:22.891"></status>
</kw>
<status status="PASS" starttime="20190724 13:23:32.781" endtime="20190724 13:24:22.891" critical="yes"></status>
</test>
<kw name="Close Browser" library="SeleniumLibrary" type="teardown">
<doc>Closes the current browser.</doc>
<status status="PASS" starttime="20190724 13:24:22.894" endtime="20190724 13:24:23.989"></status>
</kw>
<doc>A test suite for editing game that was previously made.</doc>
<status status="PASS" starttime="20190724 13:23:28.830" endtime="20190724 13:24:23.990"></status>
</suite>
<suite id="s1-s4" name="07 Zoom Frontpage" source="/home/l4074/overflow/ehasa-frontend/tests/07_zoom_frontpage.robot">
<kw name="Open Browser To Login Page" library="resource" type="setup">
<kw name="Open Browser" library="SeleniumLibrary">
<doc>Opens a new browser instance to the given ``url``.</doc>
<arguments>
<arg>${LOGIN URL}</arg>
<arg>${BROWSER}</arg>
</arguments>
<msg timestamp="20190724 13:24:24.020" level="INFO">Opening browser 'ff' to base url 'https://tacs-testing.cf/'.</msg>
<status status="PASS" starttime="20190724 13:24:24.019" endtime="20190724 13:24:27.098"></status>
</kw>
<kw name="Set Window Size" library="SeleniumLibrary">
<doc>Sets current windows size to given ``width`` and ``height``.</doc>
<arguments>
<arg>1920</arg>
<arg>1080</arg>
</arguments>
<status status="PASS" starttime="20190724 13:24:27.100" endtime="20190724 13:24:27.633"></status>
</kw>
<kw name="Set Selenium Speed" library="SeleniumLibrary">
<doc>Sets the delay that is waited after each Selenium command.</doc>
<arguments>
<arg>${DELAY}</arg>
</arguments>
<status status="PASS" starttime="20190724 13:24:27.633" endtime="20190724 13:24:27.635"></status>
</kw>
<kw name="Login Page Should be Open" library="resource">
<kw name="Title Should Be" library="SeleniumLibrary">
<doc>Verifies that current page title equals ``title``.</doc>
<arguments>
<arg>TACS</arg>
</arguments>
<msg timestamp="20190724 13:24:28.144" level="INFO">Page title is 'TACS'.</msg>
<status status="PASS" starttime="20190724 13:24:27.636" endtime="20190724 13:24:28.145"></status>
</kw>
<status status="PASS" starttime="20190724 13:24:27.635" endtime="20190724 13:24:28.145"></status>
</kw>
<status status="PASS" starttime="20190724 13:24:24.018" endtime="20190724 13:24:28.146"></status>
</kw>
<test id="s1-s4-t1" name="Zooming On Frontpage">
<kw name="Valid Login">
<kw name="Input Username" library="resource">
<arguments>
<arg>${VALID USER}</arg>
</arguments>
<kw name="Input Text" library="SeleniumLibrary">
<doc>Types the given ``text`` into text field identified by ``locator``.</doc>
<arguments>
<arg>id=loginUsernameInput</arg>
<arg>${username}</arg>
</arguments>
<msg timestamp="20190724 13:24:28.150" level="INFO">Typing text 'DnV5QTmYovLB' into text field 'id=loginUsernameInput'.</msg>
<status status="PASS" starttime="20190724 13:24:28.150" endtime="20190724 13:24:29.754"></status>
</kw>
<status status="PASS" starttime="20190724 13:24:28.149" endtime="20190724 13:24:29.755"></status>
</kw>
<kw name="Input Password" library="resource">
<arguments>
<arg>${VALID PASSWORD}</arg>
</arguments>
<kw name="Input Text" library="SeleniumLibrary">
<doc>Types the given ``text`` into text field identified by ``locator``.</doc>
<arguments>
<arg>id=loginPasswordInput</arg>
<arg>${password}</arg>
</arguments>
<msg timestamp="20190724 13:24:29.757" level="INFO">Typing text 'koira' into text field 'id=loginPasswordInput'.</msg>
<status status="PASS" starttime="20190724 13:24:29.756" endtime="20190724 13:24:31.328"></status>
</kw>
<status status="PASS" starttime="20190724 13:24:29.755" endtime="20190724 13:24:31.328"></status>
</kw>
<kw name="Submit Credentials Login" library="resource">
<kw name="Click Button" library="SeleniumLibrary">
<doc>Clicks button identified by ``locator``.</doc>
<arguments>
<arg>id=submitLoginButton</arg>
</arguments>
<msg timestamp="20190724 13:24:31.330" level="INFO">Clicking button 'id=submitLoginButton'.</msg>
<status status="PASS" starttime="20190724 13:24:31.330" endtime="20190724 13:24:34.103"></status>
</kw>
<status status="PASS" starttime="20190724 13:24:31.329" endtime="20190724 13:24:34.103"></status>
</kw>
<status status="PASS" starttime="20190724 13:24:28.148" endtime="20190724 13:24:34.104"></status>
</kw>
<kw name="Select Game" library="resource">
<kw name="Format String" library="String">
<doc>Formats a ``template`` using the given ``positional`` and ``named`` arguments.</doc>
<arguments>
<arg>select{}</arg>
<arg>${VALID_GAME}</arg>
</arguments>
<assign>
<var>${x}</var>
</assign>
<msg timestamp="20190724 13:24:34.106" level="INFO">${x} = selecttest_LmkVuP</msg>
<status status="PASS" starttime="20190724 13:24:34.105" endtime="20190724 13:24:34.106"></status>
</kw>
<kw name="Wait Until Page Contains Element" library="SeleniumLibrary">
<doc>Waits until element ``locator`` appears on current page.</doc>
<arguments>
<arg>id=${x}</arg>
<arg>1</arg>
</arguments>
<status status="PASS" starttime="20190724 13:24:34.107" endtime="20190724 13:24:34.624"></status>
</kw>
<kw name="Click Button" library="SeleniumLibrary">
<doc>Clicks button identified by ``locator``.</doc>
<arguments>
<arg>id=${x}</arg>
</arguments>
<msg timestamp="20190724 13:24:34.625" level="INFO">Clicking button 'id=selecttest_LmkVuP'.</msg>
<status status="PASS" starttime="20190724 13:24:34.624" endtime="20190724 13:24:37.408"></status>
</kw>
<kw name="Log" library="resource">
<arguments>
<arg>Game Selected</arg>
</arguments>
<kw name="Log To Console" library="BuiltIn">
<doc>Logs the given message to the console.</doc>
<arguments>
<arg>${x}</arg>
</arguments>
<status status="PASS" starttime="20190724 13:24:37.410" endtime="20190724 13:24:37.410"></status>
</kw>
<status status="PASS" starttime="20190724 13:24:37.409" endtime="20190724 13:24:37.411"></status>
</kw>
<status status="PASS" starttime="20190724 13:24:34.104" endtime="20190724 13:24:37.411"></status>
</kw>
<kw name="Zoom In On Frontpage" library="resource">
<kw name="Repeat Keyword" library="BuiltIn">
<doc>Executes the specified keyword multiple times.</doc>
<arguments>
<arg>3 times</arg>
<arg>Click Element</arg>
<arg>${ZOOMIN}</arg>
</arguments>
<msg timestamp="20190724 13:24:37.413" level="INFO">Repeating keyword, round 1/3.</msg>
<kw name="Click Element" library="SeleniumLibrary">
<doc>Click element identified by ``locator``.</doc>
<arguments>
<arg>${ZOOMIN}</arg>
</arguments>
<msg timestamp="20190724 13:24:37.414" level="INFO">Clicking element 'css=a[class=leaflet-control-zoom-in]'.</msg>
<status status="PASS" starttime="20190724 13:24:37.414" endtime="20190724 13:24:38.702"></status>
</kw>
<msg timestamp="20190724 13:24:38.702" level="INFO">Repeating keyword, round 2/3.</msg>
<kw name="Click Element" library="SeleniumLibrary">
<doc>Click element identified by ``locator``.</doc>
<arguments>
<arg>${ZOOMIN}</arg>
</arguments>
<msg timestamp="20190724 13:24:38.703" level="INFO">Clicking element 'css=a[class=leaflet-control-zoom-in]'.</msg>
<status status="PASS" starttime="20190724 13:24:38.703" endtime="20190724 13:24:39.965"></status>
</kw>
<msg timestamp="20190724 13:24:39.966" level="INFO">Repeating keyword, round 3/3.</msg>
<kw name="Click Element" library="SeleniumLibrary">
<doc>Click element identified by ``locator``.</doc>
<arguments>
<arg>${ZOOMIN}</arg>
</arguments>
<msg timestamp="20190724 13:24:39.966" level="INFO">Clicking element 'css=a[class=leaflet-control-zoom-in]'.</msg>
<status status="PASS" starttime="20190724 13:24:39.966" endtime="20190724 13:24:41.245"></status>
</kw>
<status status="PASS" starttime="20190724 13:24:37.413" endtime="20190724 13:24:41.245"></status>
</kw>
<status status="PASS" starttime="20190724 13:24:37.412" endtime="20190724 13:24:41.246"></status>
</kw>
<kw name="Zoom Out On Frontpage" library="resource">
<kw name="Repeat Keyword" library="BuiltIn">
<doc>Executes the specified keyword multiple times.</doc>
<arguments>
<arg>3 times</arg>
<arg>Click Element</arg>
<arg>${ZOOMOUT}</arg>
</arguments>
<msg timestamp="20190724 13:24:41.249" level="INFO">Repeating keyword, round 1/3.</msg>
<kw name="Click Element" library="SeleniumLibrary">
<doc>Click element identified by ``locator``.</doc>
<arguments>
<arg>${ZOOMOUT}</arg>
</arguments>
<msg timestamp="20190724 13:24:41.250" level="INFO">Clicking element 'css=a[class=leaflet-control-zoom-out]'.</msg>
<status status="PASS" starttime="20190724 13:24:41.249" endtime="20190724 13:24:42.517"></status>
</kw>
<msg timestamp="20190724 13:24:42.518" level="INFO">Repeating keyword, round 2/3.</msg>
<kw name="Click Element" library="SeleniumLibrary">
<doc>Click element identified by ``locator``.</doc>
<arguments>
<arg>${ZOOMOUT}</arg>
</arguments>
<msg timestamp="20190724 13:24:42.519" level="INFO">Clicking element 'css=a[class=leaflet-control-zoom-out]'.</msg>
<status status="PASS" starttime="20190724 13:24:42.518" endtime="20190724 13:24:43.764"></status>
</kw>
<msg timestamp="20190724 13:24:43.765" level="INFO">Repeating keyword, round 3/3.</msg>
<kw name="Click Element" library="SeleniumLibrary">
<doc>Click element identified by ``locator``.</doc>
<arguments>
<arg>${ZOOMOUT}</arg>
</arguments>
<msg timestamp="20190724 13:24:43.766" level="INFO">Clicking element 'css=a[class=leaflet-control-zoom-out]'.</msg>
<status status="PASS" starttime="20190724 13:24:43.765" endtime="20190724 13:24:45.017"></status>
</kw>
<status status="PASS" starttime="20190724 13:24:41.248" endtime="20190724 13:24:45.017"></status>
</kw>
<status status="PASS" starttime="20190724 13:24:41.247" endtime="20190724 13:24:45.018"></status>
</kw>
<status status="PASS" starttime="20190724 13:24:28.146" endtime="20190724 13:24:45.018" critical="yes"></status>
</test>
<kw name="Close Browser" library="SeleniumLibrary" type="teardown">
<doc>Closes the current browser.</doc>
<status status="PASS" starttime="20190724 13:24:45.020" endtime="20190724 13:24:49.156"></status>
</kw>
<doc>Test Suite for Zooming in and out on the frontpage.</doc>
<status status="PASS" starttime="20190724 13:24:23.994" endtime="20190724 13:24:49.156"></status>
</suite>
<suite id="s1-s5" name="08 Drawing Tools Map Movement" source="/home/l4074/overflow/ehasa-frontend/tests/08_drawing_tools_map_movement.robot">
<kw name="Open Browser To Login Page" library="resource" type="setup">
<kw name="Open Browser" library="SeleniumLibrary">
<doc>Opens a new browser instance to the given ``url``.</doc>
<arguments>
<arg>${LOGIN URL}</arg>
<arg>${BROWSER}</arg>
</arguments>
<msg timestamp="20190724 13:24:49.168" level="INFO">Opening browser 'ff' to base url 'https://tacs-testing.cf/'.</msg>
<status status="PASS" starttime="20190724 13:24:49.168" endtime="20190724 13:24:51.987"></status>
</kw>
<kw name="Set Window Size" library="SeleniumLibrary">
<doc>Sets current windows size to given ``width`` and ``height``.</doc>
<arguments>
<arg>1920</arg>
<arg>1080</arg>
</arguments>
<status status="PASS" starttime="20190724 13:24:51.988" endtime="20190724 13:24:52.514"></status>
</kw>
<kw name="Set Selenium Speed" library="SeleniumLibrary">
<doc>Sets the delay that is waited after each Selenium command.</doc>
<arguments>
<arg>${DELAY}</arg>
</arguments>
<status status="PASS" starttime="20190724 13:24:52.514" endtime="20190724 13:24:52.516"></status>
</kw>
<kw name="Login Page Should be Open" library="resource">
<kw name="Title Should Be" library="SeleniumLibrary">
<doc>Verifies that current page title equals ``title``.</doc>
<arguments>
<arg>TACS</arg>
</arguments>
<msg timestamp="20190724 13:24:53.025" level="INFO">Page title is 'TACS'.</msg>
<status status="PASS" starttime="20190724 13:24:52.517" endtime="20190724 13:24:53.026"></status>
</kw>
<status status="PASS" starttime="20190724 13:24:52.516" endtime="20190724 13:24:53.026"></status>
</kw>
<status status="PASS" starttime="20190724 13:24:49.168" endtime="20190724 13:24:53.026"></status>
</kw>
<test id="s1-s5-t1" name="Drawing Tools And Map Movement">
<kw name="Valid Login">
<kw name="Input Username" library="resource">
<arguments>
<arg>${VALID USER}</arg>
</arguments>
<kw name="Input Text" library="SeleniumLibrary">
<doc>Types the given ``text`` into text field identified by ``locator``.</doc>
<arguments>
<arg>id=loginUsernameInput</arg>
<arg>${username}</arg>
</arguments>
<msg timestamp="20190724 13:24:53.031" level="INFO">Typing text 'DnV5QTmYovLB' into text field 'id=loginUsernameInput'.</msg>
<status status="PASS" starttime="20190724 13:24:53.031" endtime="20190724 13:24:54.633"></status>
</kw>
<status status="PASS" starttime="20190724 13:24:53.030" endtime="20190724 13:24:54.634"></status>
</kw>
<kw name="Input Password" library="resource">
<arguments>
<arg>${VALID PASSWORD}</arg>
</arguments>
<kw name="Input Text" library="SeleniumLibrary">
<doc>Types the given ``text`` into text field identified by ``locator``.</doc>
<arguments>
<arg>id=loginPasswordInput</arg>
<arg>${password}</arg>
</arguments>
<msg timestamp="20190724 13:24:54.636" level="INFO">Typing text 'koira' into text field 'id=loginPasswordInput'.</msg>
<status status="PASS" starttime="20190724 13:24:54.635" endtime="20190724 13:24:56.196"></status>
</kw>
<status status="PASS" starttime="20190724 13:24:54.634" endtime="20190724 13:24:56.196"></status>
</kw>
<kw name="Submit Credentials Login" library="resource">
<kw name="Click Button" library="SeleniumLibrary">
<doc>Clicks button identified by ``locator``.</doc>
<arguments>
<arg>id=submitLoginButton</arg>
</arguments>
<msg timestamp="20190724 13:24:56.198" level="INFO">Clicking button 'id=submitLoginButton'.</msg>
<status status="PASS" starttime="20190724 13:24:56.197" endtime="20190724 13:24:59.002"></status>
</kw>
<status status="PASS" starttime="20190724 13:24:56.196" endtime="20190724 13:24:59.002"></status>
</kw>
<status status="PASS" starttime="20190724 13:24:53.029" endtime="20190724 13:24:59.003"></status>
</kw>
<kw name="Select Game" library="resource">
<kw name="Format String" library="String">
<doc>Formats a ``template`` using the given ``positional`` and ``named`` arguments.</doc>
<arguments>
<arg>select{}</arg>
<arg>${VALID_GAME}</arg>
</arguments>
<assign>
<var>${x}</var>
</assign>
<msg timestamp="20190724 13:24:59.005" level="INFO">${x} = selecttest_LmkVuP</msg>
<status status="PASS" starttime="20190724 13:24:59.004" endtime="20190724 13:24:59.005"></status>
</kw>
<kw name="Wait Until Page Contains Element" library="SeleniumLibrary">
<doc>Waits until element ``locator`` appears on current page.</doc>
<arguments>
<arg>id=${x}</arg>
<arg>1</arg>
</arguments>
<status status="PASS" starttime="20190724 13:24:59.006" endtime="20190724 13:24:59.525"></status>
</kw>
<kw name="Click Button" library="SeleniumLibrary">
<doc>Clicks button identified by ``locator``.</doc>
<arguments>
<arg>id=${x}</arg>
</arguments>
<msg timestamp="20190724 13:24:59.526" level="INFO">Clicking button 'id=selecttest_LmkVuP'.</msg>
<status status="PASS" starttime="20190724 13:24:59.525" endtime="20190724 13:25:02.305"></status>
</kw>
<kw name="Log" library="resource">
<arguments>
<arg>Game Selected</arg>
</arguments>
<kw name="Log To Console" library="BuiltIn">
<doc>Logs the given message to the console.</doc>
<arguments>
<arg>${x}</arg>
</arguments>
<status status="PASS" starttime="20190724 13:25:02.307" endtime="20190724 13:25:02.308"></status>
</kw>
<status status="PASS" starttime="20190724 13:25:02.306" endtime="20190724 13:25:02.308"></status>
</kw>
<status status="PASS" starttime="20190724 13:24:59.003" endtime="20190724 13:25:02.309"></status>
</kw>
<kw name="Draw A Polyline" library="resource">
<kw name="Click Element" library="SeleniumLibrary">
<doc>Click element identified by ``locator``.</doc>
<arguments>
<arg>css=a[class=leaflet-draw-draw-polyline]</arg>
</arguments>
<msg timestamp="20190724 13:25:02.311" level="INFO">Clicking element 'css=a[class=leaflet-draw-draw-polyline]'.</msg>
<status status="PASS" starttime="20190724 13:25:02.310" endtime="20190724 13:25:03.585"></status>
</kw>
<kw name="Drawing A Figure" library="resource">
<arguments>
<arg>500</arg>
<arg>500</arg>
</arguments>
<kw name="Click Element At Coordinates" library="SeleniumLibrary">
<doc>Click element ``locator`` at ``xoffset/yoffset``.</doc>
<arguments>
<arg>css=div[class=leaflet-control-container]</arg>
<arg>${X}</arg>
<arg>${Y}</arg>
</arguments>
<msg timestamp="20190724 13:25:03.588" level="INFO">Clicking element 'css=div[class=leaflet-control-container]' at coordinates x=500, y=500.</msg>
<status status="PASS" starttime="20190724 13:25:03.587" endtime="20190724 13:25:05.148"></status>
</kw>
<status status="PASS" starttime="20190724 13:25:03.586" endtime="20190724 13:25:05.148"></status>
</kw>
<kw name="Drawing A Figure" library="resource">
<arguments>
<arg>300</arg>
<arg>500</arg>
</arguments>
<kw name="Click Element At Coordinates" library="SeleniumLibrary">
<doc>Click element ``locator`` at ``xoffset/yoffset``.</doc>
<arguments>
<arg>css=div[class=leaflet-control-container]</arg>
<arg>${X}</arg>
<arg>${Y}</arg>
</arguments>
<msg timestamp="20190724 13:25:05.150" level="INFO">Clicking element 'css=div[class=leaflet-control-container]' at coordinates x=300, y=500.</msg>
<status status="PASS" starttime="20190724 13:25:05.150" endtime="20190724 13:25:06.721"></status>
</kw>
<status status="PASS" starttime="20190724 13:25:05.149" endtime="20190724 13:25:06.722"></status>
</kw>
<kw name="Drawing A Figure" library="resource">
<arguments>
<arg>300</arg>
<arg>300</arg>
</arguments>
<kw name="Click Element At Coordinates" library="SeleniumLibrary">
<doc>Click element ``locator`` at ``xoffset/yoffset``.</doc>
<arguments>
<arg>css=div[class=leaflet-control-container]</arg>
<arg>${X}</arg>
<arg>${Y}</arg>
</arguments>
<msg timestamp="20190724 13:25:06.724" level="INFO">Clicking element 'css=div[class=leaflet-control-container]' at coordinates x=300, y=300.</msg>
<status status="PASS" starttime="20190724 13:25:06.723" endtime="20190724 13:25:08.290"></status>
</kw>
<status status="PASS" starttime="20190724 13:25:06.722" endtime="20190724 13:25:08.291"></status>
</kw>
<kw name="Drawing A Figure" library="resource">
<arguments>
<arg>500</arg>
<arg>300</arg>
</arguments>
<kw name="Click Element At Coordinates" library="SeleniumLibrary">
<doc>Click element ``locator`` at ``xoffset/yoffset``.</doc>
<arguments>
<arg>css=div[class=leaflet-control-container]</arg>
<arg>${X}</arg>
<arg>${Y}</arg>
</arguments>
<msg timestamp="20190724 13:25:08.293" level="INFO">Clicking element 'css=div[class=leaflet-control-container]' at coordinates x=500, y=300.</msg>
<status status="PASS" starttime="20190724 13:25:08.292" endtime="20190724 13:25:09.871"></status>
</kw>
<status status="PASS" starttime="20190724 13:25:08.291" endtime="20190724 13:25:09.871"></status>
</kw>
<kw name="Drawing A Figure" library="resource">
<arguments>
<arg>500</arg>
<arg>500</arg>
</arguments>
<kw name="Click Element At Coordinates" library="SeleniumLibrary">
<doc>Click element ``locator`` at ``xoffset/yoffset``.</doc>
<arguments>
<arg>css=div[class=leaflet-control-container]</arg>
<arg>${X}</arg>
<arg>${Y}</arg>
</arguments>
<msg timestamp="20190724 13:25:09.873" level="INFO">Clicking element 'css=div[class=leaflet-control-container]' at coordinates x=500, y=500.</msg>
<status status="PASS" starttime="20190724 13:25:09.872" endtime="20190724 13:25:11.456"></status>
</kw>
<status status="PASS" starttime="20190724 13:25:09.871" endtime="20190724 13:25:11.456"></status>
</kw>
<kw name="Click Leaflet Panel" library="resource">
<arguments>
<arg>Delete last point drawn</arg>
</arguments>
<kw name="Click Element" library="SeleniumLibrary">
<doc>Click element identified by ``locator``.</doc>
<arguments>
<arg>css=a[title="${TARGET}"]</arg>
</arguments>
<msg timestamp="20190724 13:25:11.458" level="INFO">Clicking element 'css=a[title="Delete last point drawn"]'.</msg>
<status status="PASS" starttime="20190724 13:25:11.458" endtime="20190724 13:25:12.703"></status>
</kw>
<status status="PASS" starttime="20190724 13:25:11.457" endtime="20190724 13:25:12.703"></status>
</kw>
<kw name="Drawing A Figure" library="resource">
<arguments>
<arg>500</arg>
<arg>500</arg>
</arguments>
<kw name="Click Element At Coordinates" library="SeleniumLibrary">
<doc>Click element ``locator`` at ``xoffset/yoffset``.</doc>
<arguments>
<arg>css=div[class=leaflet-control-container]</arg>
<arg>${X}</arg>
<arg>${Y}</arg>
</arguments>
<msg timestamp="20190724 13:25:12.706" level="INFO">Clicking element 'css=div[class=leaflet-control-container]' at coordinates x=500, y=500.</msg>
<status status="PASS" starttime="20190724 13:25:12.705" endtime="20190724 13:25:14.270"></status>
</kw>
<status status="PASS" starttime="20190724 13:25:12.704" endtime="20190724 13:25:14.271"></status>
</kw>
<kw name="Drawing A Figure" library="resource">
<arguments>
<arg>500</arg>
<arg>500</arg>
</arguments>
<kw name="Click Element At Coordinates" library="SeleniumLibrary">
<doc>Click element ``locator`` at ``xoffset/yoffset``.</doc>
<arguments>
<arg>css=div[class=leaflet-control-container]</arg>
<arg>${X}</arg>
<arg>${Y}</arg>
</arguments>
<msg timestamp="20190724 13:25:14.273" level="INFO">Clicking element 'css=div[class=leaflet-control-container]' at coordinates x=500, y=500.</msg>
<status status="PASS" starttime="20190724 13:25:14.272" endtime="20190724 13:25:15.835"></status>
</kw>
<status status="PASS" starttime="20190724 13:25:14.271" endtime="20190724 13:25:15.835"></status>
</kw>
<kw name="Drawing A Figure" library="resource">
<arguments>
<arg>550</arg>
<arg>300</arg>
</arguments>
<kw name="Click Element At Coordinates" library="SeleniumLibrary">
<doc>Click element ``locator`` at ``xoffset/yoffset``.</doc>
<arguments>
<arg>css=div[class=leaflet-control-container]</arg>
<arg>${X}</arg>
<arg>${Y}</arg>
</arguments>
<msg timestamp="20190724 13:25:15.838" level="INFO">Clicking element 'css=div[class=leaflet-control-container]' at coordinates x=550, y=300.</msg>
<status status="PASS" starttime="20190724 13:25:15.837" endtime="20190724 13:25:17.387"></status>
</kw>
<status status="PASS" starttime="20190724 13:25:15.836" endtime="20190724 13:25:17.387"></status>
</kw>
<kw name="Drawing A Figure" library="resource">
<arguments>
<arg>550</arg>
<arg>500</arg>
</arguments>
<kw name="Click Element At Coordinates" library="SeleniumLibrary">
<doc>Click element ``locator`` at ``xoffset/yoffset``.</doc>
<arguments>
<arg>css=div[class=leaflet-control-container]</arg>
<arg>${X}</arg>
<arg>${Y}</arg>
</arguments>
<msg timestamp="20190724 13:25:17.389" level="INFO">Clicking element 'css=div[class=leaflet-control-container]' at coordinates x=550, y=500.</msg>
<status status="PASS" starttime="20190724 13:25:17.389" endtime="20190724 13:25:18.948"></status>
</kw>
<status status="PASS" starttime="20190724 13:25:17.388" endtime="20190724 13:25:18.948"></status>
</kw>
<kw name="Click Leaflet Panel" library="resource">
<arguments>
<arg>Finish drawing</arg>
</arguments>
<kw name="Click Element" library="SeleniumLibrary">
<doc>Click element identified by ``locator``.</doc>
<arguments>
<arg>css=a[title="${TARGET}"]</arg>
</arguments>
<msg timestamp="20190724 13:25:18.950" level="INFO">Clicking element 'css=a[title="Finish drawing"]'.</msg>
[...]
</kw>
<kw name="Drawing A Figure" library="resource">
<arguments>
<arg>50</arg>
<arg>300</arg>
</arguments>
<kw name="Click Element At Coordinates" library="SeleniumLibrary">
<doc>Click element ``locator`` at ``xoffset/yoffset``.</doc>
<arguments>
<arg>css=div[class=leaflet-control-container]</arg>
<arg>${X}</arg>
<arg>${Y}</arg>
</arguments>
<msg timestamp="20190724 13:25:25.849" level="INFO">Clicking element 'css=div[class=leaflet-control-container]' at coordinates x=50, y=300.</msg>
<status status="PASS" starttime="20190724 13:25:25.848" endtime="20190724 13:25:27.394"></status>
</kw>
<status status="PASS" starttime="20190724 13:25:25.847" endtime="20190724 13:25:27.395"></status>
</kw>
<kw name="Drawing A Figure" library="resource">
<arguments>
<arg>-100</arg>
<arg>300</arg>
</arguments>
<kw name="Click Element At Coordinates" library="SeleniumLibrary">
<doc>Click element ``locator`` at ``xoffset/yoffset``.</doc>
<arguments>
<arg>css=div[class=leaflet-control-container]</arg>
<arg>${X}</arg>
<arg>${Y}</arg>
</arguments>
<msg timestamp="20190724 13:25:27.397" level="INFO">Clicking element 'css=div[class=leaflet-control-container]' at coordinates x=-100, y=300.</msg>
<status status="PASS" starttime="20190724 13:25:27.396" endtime="20190724 13:25:28.946"></status>
</kw>
<status status="PASS" starttime="20190724 13:25:27.395" endtime="20190724 13:25:28.946"></status>
</kw>
<kw name="Drawing A Figure" library="resource">
<arguments>
<arg>-60</arg>
<arg>100</arg>
</arguments>
<kw name="Click Element At Coordinates" library="SeleniumLibrary">
<doc>Click element ``locator`` at ``xoffset/yoffset``.</doc>
<arguments>
<arg>css=div[class=leaflet-control-container]</arg>
<arg>${X}</arg>
<arg>${Y}</arg>
</arguments>
<msg timestamp="20190724 13:25:28.948" level="INFO">Clicking element 'css=div[class=leaflet-control-container]' at coordinates x=-60, y=100.</msg>
<status status="PASS" starttime="20190724 13:25:28.948" endtime="20190724 13:25:30.504"></status>
</kw>
<status status="PASS" starttime="20190724 13:25:28.947" endtime="20190724 13:25:30.504"></status>
</kw>
<kw name="Click Leaflet Panel" library="resource">
<arguments>
<arg>Cancel drawing</arg>
</arguments>
<kw name="Click Element" library="SeleniumLibrary">
<doc>Click element identified by ``locator``.</doc>
<arguments>
<arg>css=a[title="${TARGET}"]</arg>
</arguments>
<msg timestamp="20190724 13:25:30.506" level="INFO">Clicking element 'css=a[title="Cancel drawing"]'.</msg>
<status status="PASS" starttime="20190724 13:25:30.505" endtime="20190724 13:25:31.741"></status>
</kw>
<status status="PASS" starttime="20190724 13:25:30.504" endtime="20190724 13:25:31.741"></status>
</kw>
<kw name="Click Element" library="SeleniumLibrary">
<doc>Click element identified by ``locator``.</doc>
<arguments>
<arg>css=a[class=leaflet-draw-draw-polygon]</arg>
</arguments>
<msg timestamp="20190724 13:25:31.742" level="INFO">Clicking element 'css=a[class=leaflet-draw-draw-polygon]'.</msg>
<status status="PASS" starttime="20190724 13:25:31.741" endtime="20190724 13:25:32.984"></status>
</kw>
<kw name="Drawing A Figure" library="resource">
<arguments>
<arg>50</arg>
<arg>300</arg>
</arguments>
<kw name="Click Element At Coordinates" library="SeleniumLibrary">
<doc>Click element ``locator`` at ``xoffset/yoffset``.</doc>
<arguments>
<arg>css=div[class=leaflet-control-container]</arg>
<arg>${X}</arg>
<arg>${Y}</arg>
</arguments>
<msg timestamp="20190724 13:25:32.986" level="INFO">Clicking element 'css=div[class=leaflet-control-container]' at coordinates x=50, y=300.</msg>
<status status="PASS" starttime="20190724 13:25:32.985" endtime="20190724 13:25:34.524"></status>
</kw>
<status status="PASS" starttime="20190724 13:25:32.984" endtime="20190724 13:25:34.525"></status>
</kw>
<kw name="Drawing A Figure" library="resource">
<arguments>
<arg>-100</arg>
<arg>300</arg>
</arguments>
<kw name="Click Element At Coordinates" library="SeleniumLibrary">
<doc>Click element ``locator`` at ``xoffset/yoffset``.</doc>
<arguments>
<arg>css=div[class=leaflet-control-container]</arg>
<arg>${X}</arg>
<arg>${Y}</arg>
</arguments>
<msg timestamp="20190724 13:25:34.527" level="INFO">Clicking element 'css=div[class=leaflet-control-container]' at coordinates x=-100, y=300.</msg>
<status status="PASS" starttime="20190724 13:25:34.526" endtime="20190724 13:25:36.098"></status>
</kw>
<status status="PASS" starttime="20190724 13:25:34.525" endtime="20190724 13:25:36.099"></status>
</kw>
<kw name="Drawing A Figure" library="resource">
<arguments>
<arg>-60</arg>
<arg>100</arg>
</arguments>
<kw name="Click Element At Coordinates" library="SeleniumLibrary">
<doc>Click element ``locator`` at ``xoffset/yoffset``.</doc>
<arguments>
<arg>css=div[class=leaflet-control-container]</arg>
<arg>${X}</arg>
<arg>${Y}</arg>
</arguments>
<msg timestamp="20190724 13:25:36.101" level="INFO">Clicking element 'css=div[class=leaflet-control-container]' at coordinates x=-60, y=100.</msg>
<status status="PASS" starttime="20190724 13:25:36.100" endtime="20190724 13:25:37.644"></status>
</kw>
<status status="PASS" starttime="20190724 13:25:36.099" endtime="20190724 13:25:37.644"></status>
</kw>
<kw name="Click Leaflet Panel" library="resource">
<arguments>
<arg>Delete last point drawn</arg>
</arguments>
<kw name="Click Element" library="SeleniumLibrary">
<doc>Click element identified by ``locator``.</doc>
<arguments>
<arg>css=a[title="${TARGET}"]</arg>
</arguments>
<msg timestamp="20190724 13:25:37.646" level="INFO">Clicking element 'css=a[title="Delete last point drawn"]'.</msg>
<status status="PASS" starttime="20190724 13:25:37.645" endtime="20190724 13:25:38.880"></status>
</kw>
<status status="PASS" starttime="20190724 13:25:37.644" endtime="20190724 13:25:38.880"></status>
</kw>
<kw name="Drawing A Figure" library="resource">
<arguments>
<arg>-60</arg>
<arg>100</arg>
</arguments>
<kw name="Click Element At Coordinates" library="SeleniumLibrary">
<doc>Click element ``locator`` at ``xoffset/yoffset``.</doc>
<arguments>
<arg>css=div[class=leaflet-control-container]</arg>
<arg>${X}</arg>
<arg>${Y}</arg>
</arguments>
<msg timestamp="20190724 13:25:38.883" level="INFO">Clicking element 'css=div[class=leaflet-control-container]' at coordinates x=-60, y=100.</msg>
<status status="PASS" starttime="20190724 13:25:38.882" endtime="20190724 13:25:40.463"></status>
</kw>
<status status="PASS" starttime="20190724 13:25:38.881" endtime="20190724 13:25:40.464"></status>
</kw>
<kw name="Click Leaflet Panel" library="resource">
<arguments>
<arg>Finish drawing</arg>
</arguments>
<kw name="Click Element" library="SeleniumLibrary">
<doc>Click element identified by ``locator``.</doc>
<arguments>
<arg>css=a[title="${TARGET}"]</arg>
</arguments>
<msg timestamp="20190724 13:25:40.466" level="INFO">Clicking element 'css=a[title="Finish drawing"]'.</msg>
<status status="PASS" starttime="20190724 13:25:40.465" endtime="20190724 13:25:41.709"></status>
</kw>
<status status="PASS" starttime="20190724 13:25:40.464" endtime="20190724 13:25:41.710"></status>
</kw>
<kw name="Drawing A Figure" library="resource">
<arguments>
<arg>-120</arg>
<arg>300</arg>
</arguments>
<kw name="Click Element At Coordinates" library="SeleniumLibrary">
<doc>Click element ``locator`` at ``xoffset/yoffset``.</doc>
<arguments>
<arg>css=div[class=leaflet-control-container]</arg>
<arg>${X}</arg>
<arg>${Y}</arg>
</arguments>
<msg timestamp="20190724 13:25:41.712" level="INFO">Clicking element 'css=div[class=leaflet-control-container]' at coordinates x=-120, y=300.</msg>
<status status="PASS" starttime="20190724 13:25:41.711" endtime="20190724 13:25:43.271"></status>
</kw>
<status status="PASS" starttime="20190724 13:25:41.710" endtime="20190724 13:25:43.272"></status>
</kw>
<kw name="Drawing A Figure" library="resource">
<arguments>
<arg>-180</arg>
<arg>300</arg>
</arguments>
<kw name="Click Element At Coordinates" library="SeleniumLibrary">
<doc>Click element ``locator`` at ``xoffset/yoffset``.</doc>
<arguments>
<arg>css=div[class=leaflet-control-container]</arg>
<arg>${X}</arg>
<arg>${Y}</arg>
</arguments>
<msg timestamp="20190724 13:25:43.274" level="INFO">Clicking element 'css=div[class=leaflet-control-container]' at coordinates x=-180, y=300.</msg>
<status status="PASS" starttime="20190724 13:25:43.273" endtime="20190724 13:25:44.829"></status>
</kw>
<status status="PASS" starttime="20190724 13:25:43.272" endtime="20190724 13:25:44.830"></status>
</kw>
<kw name="Drawing A Figure" library="resource">
<arguments>
<arg>-110</arg>
<arg>100</arg>
</arguments>
<kw name="Click Element At Coordinates" library="SeleniumLibrary">
<doc>Click element ``locator`` at ``xoffset/yoffset``.</doc>
<arguments>
<arg>css=div[class=leaflet-control-container]</arg>
<arg>${X}</arg>
<arg>${Y}</arg>
</arguments>
<msg timestamp="20190724 13:25:44.832" level="INFO">Clicking element 'css=div[class=leaflet-control-container]' at coordinates x=-110, y=100.</msg>
<status status="PASS" starttime="20190724 13:25:44.831" endtime="20190724 13:25:46.403"></status>
</kw>
<status status="PASS" starttime="20190724 13:25:44.830" endtime="20190724 13:25:46.403"></status>
</kw>
<kw name="Drawing A Figure" library="resource">
<arguments>
<arg>-120</arg>
<arg>300</arg>
</arguments>
<kw name="Click Element At Coordinates" library="SeleniumLibrary">
<doc>Click element ``locator`` at ``xoffset/yoffset``.</doc>
<arguments>
<arg>css=div[class=leaflet-control-container]</arg>
<arg>${X}</arg>
<arg>${Y}</arg>
</arguments>
<msg timestamp="20190724 13:25:46.406" level="INFO">Clicking element 'css=div[class=leaflet-control-container]' at coordinates x=-120, y=300.</msg>
<status status="PASS" starttime="20190724 13:25:46.405" endtime="20190724 13:25:47.958"></status>
</kw>
<status status="PASS" starttime="20190724 13:25:46.404" endtime="20190724 13:25:47.959"></status>
</kw>
<kw name="Log To Console" library="BuiltIn">
<doc>Logs the given message to the console.</doc>
<arguments>
<arg>Polygon done</arg>
</arguments>
<status status="PASS" starttime="20190724 13:25:47.959" endtime="20190724 13:25:47.960"></status>
</kw>
<status status="PASS" starttime="20190724 13:25:24.590" endtime="20190724 13:25:47.960"></status>
</kw>
<kw name="Draw A Rectangle" library="resource">
<kw name="Click Element" library="SeleniumLibrary">
<doc>Click element identified by ``locator``.</doc>
<arguments>
<arg>css=a[class=leaflet-draw-draw-rectangle]</arg>
</arguments>
<msg timestamp="20190724 13:25:47.962" level="INFO">Clicking element 'css=a[class=leaflet-draw-draw-rectangle]'.</msg>
<status status="PASS" starttime="20190724 13:25:47.961" endtime="20190724 13:25:49.218"></status>
</kw>
<kw name="Drawing A Figure" library="resource">
<arguments>
<arg>-200</arg>
<arg>100</arg>
</arguments>
<kw name="Click Element At Coordinates" library="SeleniumLibrary">
<doc>Click element ``locator`` at ``xoffset/yoffset``.</doc>
<arguments>
<arg>css=div[class=leaflet-control-container]</arg>
<arg>${X}</arg>
<arg>${Y}</arg>
</arguments>
<msg timestamp="20190724 13:25:49.221" level="INFO">Clicking element 'css=div[class=leaflet-control-container]' at coordinates x=-200, y=100.</msg>
<status status="PASS" starttime="20190724 13:25:49.220" endtime="20190724 13:25:50.772"></status>
</kw>
<status status="PASS" starttime="20190724 13:25:49.219" endtime="20190724 13:25:50.773"></status>
</kw>
<kw name="Drawing A Figure" library="resource">
<arguments>
<arg>-0</arg>
<arg>500</arg>
</arguments>
<kw name="Click Element At Coordinates" library="SeleniumLibrary">
<doc>Click element ``locator`` at ``xoffset/yoffset``.</doc>
<arguments>
<arg>css=div[class=leaflet-control-container]</arg>
<arg>${X}</arg>
<arg>${Y}</arg>
</arguments>
<msg timestamp="20190724 13:25:50.775" level="INFO">Clicking element 'css=div[class=leaflet-control-container]' at coordinates x=-0, y=500.</msg>
<status status="PASS" starttime="20190724 13:25:50.774" endtime="20190724 13:25:52.329"></status>
</kw>
<status status="PASS" starttime="20190724 13:25:50.773" endtime="20190724 13:25:52.330"></status>
</kw>
<kw name="Log To Console" library="BuiltIn">
<doc>Logs the given message to the console.</doc>
<arguments>
<arg>Rectangle done</arg>
</arguments>
<status status="PASS" starttime="20190724 13:25:52.330" endtime="20190724 13:25:52.331"></status>
</kw>
<status status="PASS" starttime="20190724 13:25:47.961" endtime="20190724 13:25:52.331"></status>
</kw>
<kw name="Draw A Circle" library="resource">
<kw name="Click Element" library="SeleniumLibrary">
<doc>Click element identified by ``locator``.</doc>
<arguments>
<arg>css=a[class=leaflet-draw-draw-circle]</arg>
</arguments>
<msg timestamp="20190724 13:25:52.333" level="INFO">Clicking element 'css=a[class=leaflet-draw-draw-circle]'.</msg>
<status status="PASS" starttime="20190724 13:25:52.333" endtime="20190724 13:25:53.587"></status>
</kw>
<kw name="Mouse Down" library="SeleniumLibrary">
<doc>Simulates pressing the left mouse button on the element ``locator``.</doc>
<arguments>
<arg>class:leaflet-tile-loaded:nth-child(2)</arg>
</arguments>
<msg timestamp="20190724 13:25:53.588" level="INFO">Simulating Mouse Down on element 'class:leaflet-tile-loaded:nth-child(2)'.</msg>
<status status="PASS" starttime="20190724 13:25:53.588" endtime="20190724 13:25:54.884"></status>
</kw>
<kw name="Mouse Up" library="SeleniumLibrary">
<doc>Simulates releasing the left mouse button on the element ``locator``.</doc>
<arguments>
<arg>class:leaflet-tile-loaded:nth-child(5)</arg>
</arguments>
<msg timestamp="20190724 13:25:54.885" level="INFO">Simulating Mouse Up on element 'class:leaflet-tile-loaded:nth-child(5)'.</msg>
<status status="PASS" starttime="20190724 13:25:54.884" endtime="20190724 13:25:56.191"></status>
</kw>
<kw name="Log To Console" library="BuiltIn">
<doc>Logs the given message to the console.</doc>
<arguments>
<arg>Circle done</arg>
</arguments>
<status status="PASS" starttime="20190724 13:25:56.192" endtime="20190724 13:25:56.193"></status>
</kw>
<status status="PASS" starttime="20190724 13:25:52.332" endtime="20190724 13:25:56.193"></status>
</kw>
<kw name="Draw A Marker" library="resource">
<kw name="Click Element" library="SeleniumLibrary">
<doc>Click element identified by ``locator``.</doc>
<arguments>
<arg>css=a[class=leaflet-draw-draw-marker]</arg>
</arguments>
<msg timestamp="20190724 13:25:56.195" level="INFO">Clicking element 'css=a[class=leaflet-draw-draw-marker]'.</msg>
<status status="PASS" starttime="20190724 13:25:56.194" endtime="20190724 13:25:57.449"></status>
</kw>
<kw name="Drawing A Figure" library="resource">
<arguments>
<arg>200</arg>
<arg>200</arg>
</arguments>
<kw name="Click Element At Coordinates" library="SeleniumLibrary">
<doc>Click element ``locator`` at ``xoffset/yoffset``.</doc>
<arguments>
<arg>css=div[class=leaflet-control-container]</arg>
<arg>${X}</arg>
<arg>${Y}</arg>
</arguments>
<msg timestamp="20190724 13:25:57.452" level="INFO">Clicking element 'css=div[class=leaflet-control-container]' at coordinates x=200, y=200.</msg>
<status status="PASS" starttime="20190724 13:25:57.451" endtime="20190724 13:25:59.024"></status>
</kw>
<status status="PASS" starttime="20190724 13:25:57.450" endtime="20190724 13:25:59.024"></status>
</kw>
<kw name="Click Element" library="SeleniumLibrary">
<doc>Click element identified by ``locator``.</doc>
<arguments>
<arg>css=a[class=leaflet-draw-draw-marker]</arg>
</arguments>
<msg timestamp="20190724 13:25:59.025" level="INFO">Clicking element 'css=a[class=leaflet-draw-draw-marker]'.</msg>
<status status="PASS" starttime="20190724 13:25:59.025" endtime="20190724 13:26:00.263"></status>
</kw>
<kw name="Drawing A Figure" library="resource">
<arguments>
<arg>300</arg>
<arg>300</arg>
</arguments>
<kw name="Click Element At Coordinates" library="SeleniumLibrary">
<doc>Click element ``locator`` at ``xoffset/yoffset``.</doc>
<arguments>
<arg>css=div[class=leaflet-control-container]</arg>
<arg>${X}</arg>
<arg>${Y}</arg>
</arguments>
<msg timestamp="20190724 13:26:00.266" level="INFO">Clicking element 'css=div[class=leaflet-control-container]' at coordinates x=300, y=300.</msg>
<status status="PASS" starttime="20190724 13:26:00.265" endtime="20190724 13:26:01.822"></status>
</kw>
<status status="PASS" starttime="20190724 13:26:00.264" endtime="20190724 13:26:01.823"></status>
</kw>
<kw name="Log To Console" library="BuiltIn">
<doc>Logs the given message to the console.</doc>
<arguments>
<arg>Markers done</arg>
</arguments>
<status status="PASS" starttime="20190724 13:26:01.823" endtime="20190724 13:26:01.824"></status>
</kw>
<status status="PASS" starttime="20190724 13:25:56.193" endtime="20190724 13:26:01.824"></status>
</kw>
<kw name="Edit Layers" library="resource">
<kw name="Click Element" library="SeleniumLibrary">
<doc>Click element identified by ``locator``.</doc>
<arguments>
<arg>css=a[class=leaflet-draw-edit-edit]</arg>
</arguments>
<msg timestamp="20190724 13:26:01.826" level="INFO">Clicking element 'css=a[class=leaflet-draw-edit-edit]'.</msg>
<status status="PASS" starttime="20190724 13:26:01.826" endtime="20190724 13:26:03.071"></status>
</kw>
<kw name="Mouse Down" library="SeleniumLibrary">
<doc>Simulates pressing the left mouse button on the element ``locator``.</doc>
<arguments>
<arg>class:leaflet-editing-icon:first-of-type</arg>
</arguments>
<msg timestamp="20190724 13:26:03.072" level="INFO">Simulating Mouse Down on element 'class:leaflet-editing-icon:first-of-type'.</msg>
<msg timestamp="20190724 13:26:03.593" level="FAIL">Element with locator 'class:leaflet-editing-icon:first-of-type' not found.</msg>
<status status="FAIL" starttime="20190724 13:26:03.072" endtime="20190724 13:26:03.593"></status>
</kw>
<status status="FAIL" starttime="20190724 13:26:01.825" endtime="20190724 13:26:03.594"></status>
</kw>
<status status="FAIL" starttime="20190724 13:24:53.027" endtime="20190724 13:26:03.594" critical="yes">Element with locator 'class:leaflet-editing-icon:first-of-type' not found.</status>
</test>
<kw name="Close Browser" library="SeleniumLibrary" type="teardown">
<doc>Closes the current browser.</doc>
<status status="PASS" starttime="20190724 13:26:03.595" endtime="20190724 13:26:04.701"></status>
</kw>
<doc>Test suite for drawing tools and map movement on the frontpage.</doc>
<status status="FAIL" starttime="20190724 13:24:49.160" endtime="20190724 13:26:04.701"></status>
</suite>
<status status="FAIL" starttime="20190724 13:22:33.868" endtime="20190724 13:26:04.703"></status>
</suite>
<statistics>
<total>
<stat pass="4" fail="1">Critical Tests</stat>
<stat pass="4" fail="1">All Tests</stat>
</total>
<tag>
</tag>
<suite>
<stat pass="4" fail="1" id="s1" name="00 Valid Registration &amp; 04 New Game &amp; 05 Edit Game &amp; 07 Zoom Frontpage &amp; 08 Drawing Tools Map Movement">00 Valid Registration &amp; 04 New Game &amp; 05 Edit Game &amp; 07 Zoom Frontpage &amp; 08 Drawing Tools Map Movement</stat>
<stat pass="1" fail="0" id="s1-s1" name="00 Valid Registration">00 Valid Registration &amp; 04 New Game &amp; 05 Edit Game &amp; 07 Zoom Frontpage &amp; 08 Drawing Tools Map Movement.00 Valid Registration</stat>
<stat pass="1" fail="0" id="s1-s2" name="04 New Game">00 Valid Registration &amp; 04 New Game &amp; 05 Edit Game &amp; 07 Zoom Frontpage &amp; 08 Drawing Tools Map Movement.04 New Game</stat>
<stat pass="1" fail="0" id="s1-s3" name="05 Edit Game">00 Valid Registration &amp; 04 New Game &amp; 05 Edit Game &amp; 07 Zoom Frontpage &amp; 08 Drawing Tools Map Movement.05 Edit Game</stat>
<stat pass="1" fail="0" id="s1-s4" name="07 Zoom Frontpage">00 Valid Registration &amp; 04 New Game &amp; 05 Edit Game &amp; 07 Zoom Frontpage &amp; 08 Drawing Tools Map Movement.07 Zoom Frontpage</stat>
<stat pass="0" fail="1" id="s1-s5" name="08 Drawing Tools Map Movement">00 Valid Registration &amp; 04 New Game &amp; 05 Edit Game &amp; 07 Zoom Frontpage &amp; 08 Drawing Tools Map Movement.08 Drawing Tools Map Movement</stat>
</suite>
</statistics>
<errors>
</errors>
</robot>
